{"/home/deppi/vaidajogo/src/components/BackToDashboard.tsx": {"path":"/home/deppi/vaidajogo/src/components/BackToDashboard.tsx","statementMap":{"0":{"start":{"line":6,"column":31},"end":{"line":26,"column":null}}},"fnMap":{"0":{"name":"(anonymous_0)","decl":{"start":{"line":6,"column":31},"end":{"line":6,"column":null}},"loc":{"start":{"line":6,"column":31},"end":{"line":26,"column":null}},"line":6}},"branchMap":{},"s":{"0":1},"f":{"0":7},"b":{},"meta":{"lastBranch":0,"lastFunction":1,"lastStatement":1,"seen":{"s:6:31:26:Infinity":0,"f:6:31:6:Infinity":0}}}
,"/home/deppi/vaidajogo/src/components/PlayerForm.tsx": {"path":"/home/deppi/vaidajogo/src/components/PlayerForm.tsx","statementMap":{"0":{"start":{"line":27,"column":19},"end":{"line":384,"column":null}},"1":{"start":{"line":28,"column":17},"end":{"line":28,"column":null}},"2":{"start":{"line":40,"column":3},"end":{"line":40,"column":null}},"3":{"start":{"line":42,"column":31},"end":{"line":50,"column":null}},"4":{"start":{"line":52,"column":27},"end":{"line":52,"column":null}},"5":{"start":{"line":53,"column":23},"end":{"line":53,"column":null}},"6":{"start":{"line":56,"column":33},"end":{"line":69,"column":null}},"7":{"start":{"line":57,"column":46},"end":{"line":57,"column":null}},"8":{"start":{"line":59,"column":4},"end":{"line":61,"column":null}},"9":{"start":{"line":60,"column":6},"end":{"line":60,"column":null}},"10":{"start":{"line":63,"column":4},"end":{"line":65,"column":null}},"11":{"start":{"line":64,"column":6},"end":{"line":64,"column":null}},"12":{"start":{"line":67,"column":4},"end":{"line":67,"column":null}},"13":{"start":{"line":68,"column":4},"end":{"line":68,"column":null}},"14":{"start":{"line":72,"column":23},"end":{"line":95,"column":null}},"15":{"start":{"line":73,"column":46},"end":{"line":73,"column":null}},"16":{"start":{"line":75,"column":4},"end":{"line":79,"column":null}},"17":{"start":{"line":76,"column":6},"end":{"line":76,"column":null}},"18":{"start":{"line":77,"column":11},"end":{"line":79,"column":null}},"19":{"start":{"line":78,"column":6},"end":{"line":78,"column":null}},"20":{"start":{"line":81,"column":4},"end":{"line":83,"column":null}},"21":{"start":{"line":82,"column":6},"end":{"line":82,"column":null}},"22":{"start":{"line":85,"column":4},"end":{"line":87,"column":null}},"23":{"start":{"line":86,"column":6},"end":{"line":86,"column":null}},"24":{"start":{"line":89,"column":4},"end":{"line":91,"column":null}},"25":{"start":{"line":90,"column":6},"end":{"line":90,"column":null}},"26":{"start":{"line":93,"column":4},"end":{"line":93,"column":null}},"27":{"start":{"line":94,"column":4},"end":{"line":94,"column":null}},"28":{"start":{"line":98,"column":23},"end":{"line":138,"column":null}},"29":{"start":{"line":99,"column":4},"end":{"line":99,"column":null}},"30":{"start":{"line":101,"column":4},"end":{"line":109,"column":null}},"31":{"start":{"line":102,"column":6},"end":{"line":107,"column":null}},"32":{"start":{"line":108,"column":6},"end":{"line":108,"column":null}},"33":{"start":{"line":111,"column":30},"end":{"line":126,"column":null}},"34":{"start":{"line":128,"column":4},"end":{"line":128,"column":null}},"35":{"start":{"line":130,"column":4},"end":{"line":134,"column":null}},"36":{"start":{"line":137,"column":4},"end":{"line":137,"column":null}},"37":{"start":{"line":141,"column":26},"end":{"line":154,"column":null}},"38":{"start":{"line":142,"column":4},"end":{"line":150,"column":null}},"39":{"start":{"line":151,"column":4},"end":{"line":151,"column":null}},"40":{"start":{"line":152,"column":4},"end":{"line":152,"column":null}},"41":{"start":{"line":153,"column":4},"end":{"line":153,"column":null}},"42":{"start":{"line":157,"column":28},"end":{"line":164,"column":null}},"43":{"start":{"line":158,"column":4},"end":{"line":158,"column":null}},"44":{"start":{"line":158,"column":25},"end":{"line":158,"column":null}},"45":{"start":{"line":161,"column":4},"end":{"line":163,"column":null}},"46":{"start":{"line":162,"column":6},"end":{"line":162,"column":null}},"47":{"start":{"line":162,"column":25},"end":{"line":162,"column":null}},"48":{"start":{"line":208,"column":41},"end":{"line":208,"column":null}},"49":{"start":{"line":237,"column":41},"end":{"line":237,"column":null}},"50":{"start":{"line":283,"column":54},"end":{"line":283,"column":null}},"51":{"start":{"line":294,"column":54},"end":{"line":294,"column":null}},"52":{"start":{"line":317,"column":56},"end":{"line":317,"column":null}},"53":{"start":{"line":337,"column":44},"end":{"line":337,"column":null}}},"fnMap":{"0":{"name":"(anonymous_0)","decl":{"start":{"line":27,"column":19},"end":{"line":27,"column":null}},"loc":{"start":{"line":27,"column":19},"end":{"line":384,"column":null}},"line":27},"1":{"name":"(anonymous_1)","decl":{"start":{"line":56,"column":33},"end":{"line":56,"column":null}},"loc":{"start":{"line":56,"column":33},"end":{"line":69,"column":null}},"line":56},"2":{"name":"(anonymous_2)","decl":{"start":{"line":72,"column":23},"end":{"line":72,"column":null}},"loc":{"start":{"line":72,"column":23},"end":{"line":95,"column":null}},"line":72},"3":{"name":"(anonymous_3)","decl":{"start":{"line":98,"column":23},"end":{"line":98,"column":24}},"loc":{"start":{"line":98,"column":24},"end":{"line":138,"column":null}},"line":98},"4":{"name":"(anonymous_4)","decl":{"start":{"line":141,"column":26},"end":{"line":141,"column":null}},"loc":{"start":{"line":141,"column":26},"end":{"line":154,"column":null}},"line":141},"5":{"name":"(anonymous_5)","decl":{"start":{"line":157,"column":28},"end":{"line":157,"column":29}},"loc":{"start":{"line":157,"column":44},"end":{"line":164,"column":null}},"line":157},"6":{"name":"(anonymous_6)","decl":{"start":{"line":158,"column":16},"end":{"line":158,"column":25}},"loc":{"start":{"line":158,"column":25},"end":{"line":158,"column":null}},"line":158},"7":{"name":"(anonymous_7)","decl":{"start":{"line":162,"column":16},"end":{"line":162,"column":25}},"loc":{"start":{"line":162,"column":25},"end":{"line":162,"column":null}},"line":162},"8":{"name":"(anonymous_8)","decl":{"start":{"line":208,"column":34},"end":{"line":208,"column":35}},"loc":{"start":{"line":208,"column":41},"end":{"line":208,"column":null}},"line":208},"9":{"name":"(anonymous_9)","decl":{"start":{"line":237,"column":34},"end":{"line":237,"column":35}},"loc":{"start":{"line":237,"column":41},"end":{"line":237,"column":null}},"line":237},"10":{"name":"(anonymous_10)","decl":{"start":{"line":283,"column":41},"end":{"line":283,"column":42}},"loc":{"start":{"line":283,"column":54},"end":{"line":283,"column":null}},"line":283},"11":{"name":"(anonymous_11)","decl":{"start":{"line":294,"column":41},"end":{"line":294,"column":42}},"loc":{"start":{"line":294,"column":54},"end":{"line":294,"column":null}},"line":294},"12":{"name":"(anonymous_12)","decl":{"start":{"line":317,"column":41},"end":{"line":317,"column":42}},"loc":{"start":{"line":317,"column":56},"end":{"line":317,"column":null}},"line":317},"13":{"name":"(anonymous_13)","decl":{"start":{"line":337,"column":32},"end":{"line":337,"column":33}},"loc":{"start":{"line":337,"column":44},"end":{"line":337,"column":null}},"line":337}},"branchMap":{"0":{"loc":{"start":{"line":59,"column":4},"end":{"line":61,"column":null}},"type":"if","locations":[{"start":{"line":59,"column":4},"end":{"line":61,"column":null}},{"start":{},"end":{}}],"line":59},"1":{"loc":{"start":{"line":63,"column":4},"end":{"line":65,"column":null}},"type":"if","locations":[{"start":{"line":63,"column":4},"end":{"line":65,"column":null}},{"start":{},"end":{}}],"line":63},"2":{"loc":{"start":{"line":75,"column":4},"end":{"line":79,"column":null}},"type":"if","locations":[{"start":{"line":75,"column":4},"end":{"line":79,"column":null}},{"start":{"line":77,"column":11},"end":{"line":79,"column":null}}],"line":75},"3":{"loc":{"start":{"line":77,"column":11},"end":{"line":79,"column":null}},"type":"if","locations":[{"start":{"line":77,"column":11},"end":{"line":79,"column":null}},{"start":{},"end":{}}],"line":77},"4":{"loc":{"start":{"line":81,"column":4},"end":{"line":83,"column":null}},"type":"if","locations":[{"start":{"line":81,"column":4},"end":{"line":83,"column":null}},{"start":{},"end":{}}],"line":81},"5":{"loc":{"start":{"line":85,"column":4},"end":{"line":87,"column":null}},"type":"if","locations":[{"start":{"line":85,"column":4},"end":{"line":87,"column":null}},{"start":{},"end":{}}],"line":85},"6":{"loc":{"start":{"line":89,"column":4},"end":{"line":91,"column":null}},"type":"if","locations":[{"start":{"line":89,"column":4},"end":{"line":91,"column":null}},{"start":{},"end":{}}],"line":89},"7":{"loc":{"start":{"line":101,"column":4},"end":{"line":109,"column":null}},"type":"if","locations":[{"start":{"line":101,"column":4},"end":{"line":109,"column":null}},{"start":{},"end":{}}],"line":101},"8":{"loc":{"start":{"line":115,"column":17},"end":{"line":115,"column":null}},"type":"cond-expr","locations":[{"start":{"line":115,"column":17},"end":{"line":115,"column":53}},{"start":{"line":115,"column":53},"end":{"line":115,"column":null}}],"line":115},"9":{"loc":{"start":{"line":161,"column":4},"end":{"line":163,"column":null}},"type":"if","locations":[{"start":{"line":161,"column":4},"end":{"line":163,"column":null}},{"start":{},"end":{}}],"line":161},"10":{"loc":{"start":{"line":212,"column":26},"end":{"line":214,"column":null}},"type":"cond-expr","locations":[{"start":{"line":213,"column":30},"end":{"line":213,"column":null}},{"start":{"line":214,"column":30},"end":{"line":214,"column":null}}],"line":212},"11":{"loc":{"start":{"line":255,"column":28},"end":{"line":255,"column":null}},"type":"binary-expr","locations":[{"start":{"line":255,"column":28},"end":{"line":255,"column":37}},{"start":{"line":255,"column":37},"end":{"line":255,"column":null}}],"line":255},"12":{"loc":{"start":{"line":256,"column":28},"end":{"line":258,"column":null}},"type":"cond-expr","locations":[{"start":{"line":257,"column":32},"end":{"line":257,"column":null}},{"start":{"line":258,"column":32},"end":{"line":258,"column":null}}],"line":256},"13":{"loc":{"start":{"line":262,"column":27},"end":{"line":262,"column":null}},"type":"cond-expr","locations":[{"start":{"line":262,"column":27},"end":{"line":262,"column":81}},{"start":{"line":262,"column":81},"end":{"line":262,"column":null}}],"line":262}},"s":{"0":1,"1":7,"2":7,"3":7,"4":7,"5":7,"6":7,"7":0,"8":0,"9":0,"10":0,"11":0,"12":0,"13":0,"14":7,"15":3,"16":3,"17":1,"18":2,"19":0,"20":3,"21":1,"22":3,"23":1,"24":3,"25":2,"26":3,"27":3,"28":7,"29":3,"30":3,"31":2,"32":2,"33":1,"34":3,"35":3,"36":3,"37":7,"38":1,"39":1,"40":1,"41":1,"42":7,"43":2,"44":2,"45":2,"46":0,"47":0,"48":1,"49":0,"50":0,"51":0,"52":1,"53":0},"f":{"0":7,"1":0,"2":3,"3":3,"4":1,"5":2,"6":2,"7":0,"8":1,"9":0,"10":0,"11":0,"12":1,"13":0},"b":{"0":[0,0],"1":[0,0],"2":[1,2],"3":[0,2],"4":[1,2],"5":[1,2],"6":[2,1],"7":[2,1],"8":[0,1],"9":[0,2],"10":[1,6],"11":[7,7],"12":[0,7],"13":[0,7]},"meta":{"lastBranch":14,"lastFunction":14,"lastStatement":54,"seen":{"s:27:19:384:Infinity":0,"f:27:19:27:Infinity":0,"s:28:17:28:Infinity":1,"s:40:3:40:Infinity":2,"s:42:31:50:Infinity":3,"s:52:27:52:Infinity":4,"s:53:23:53:Infinity":5,"s:56:33:69:Infinity":6,"f:56:33:56:Infinity":1,"s:57:46:57:Infinity":7,"b:59:4:61:Infinity:undefined:undefined:undefined:undefined":0,"s:59:4:61:Infinity":8,"s:60:6:60:Infinity":9,"b:63:4:65:Infinity:undefined:undefined:undefined:undefined":1,"s:63:4:65:Infinity":10,"s:64:6:64:Infinity":11,"s:67:4:67:Infinity":12,"s:68:4:68:Infinity":13,"s:72:23:95:Infinity":14,"f:72:23:72:Infinity":2,"s:73:46:73:Infinity":15,"b:75:4:79:Infinity:77:11:79:Infinity":2,"s:75:4:79:Infinity":16,"s:76:6:76:Infinity":17,"b:77:11:79:Infinity:undefined:undefined:undefined:undefined":3,"s:77:11:79:Infinity":18,"s:78:6:78:Infinity":19,"b:81:4:83:Infinity:undefined:undefined:undefined:undefined":4,"s:81:4:83:Infinity":20,"s:82:6:82:Infinity":21,"b:85:4:87:Infinity:undefined:undefined:undefined:undefined":5,"s:85:4:87:Infinity":22,"s:86:6:86:Infinity":23,"b:89:4:91:Infinity:undefined:undefined:undefined:undefined":6,"s:89:4:91:Infinity":24,"s:90:6:90:Infinity":25,"s:93:4:93:Infinity":26,"s:94:4:94:Infinity":27,"s:98:23:138:Infinity":28,"f:98:23:98:24":3,"s:99:4:99:Infinity":29,"b:101:4:109:Infinity:undefined:undefined:undefined:undefined":7,"s:101:4:109:Infinity":30,"s:102:6:107:Infinity":31,"s:108:6:108:Infinity":32,"s:111:30:126:Infinity":33,"b:115:17:115:53:115:53:115:Infinity":8,"s:128:4:128:Infinity":34,"s:130:4:134:Infinity":35,"s:137:4:137:Infinity":36,"s:141:26:154:Infinity":37,"f:141:26:141:Infinity":4,"s:142:4:150:Infinity":38,"s:151:4:151:Infinity":39,"s:152:4:152:Infinity":40,"s:153:4:153:Infinity":41,"s:157:28:164:Infinity":42,"f:157:28:157:29":5,"s:158:4:158:Infinity":43,"f:158:16:158:25":6,"s:158:25:158:Infinity":44,"b:161:4:163:Infinity:undefined:undefined:undefined:undefined":9,"s:161:4:163:Infinity":45,"s:162:6:162:Infinity":46,"f:162:16:162:25":7,"s:162:25:162:Infinity":47,"f:208:34:208:35":8,"s:208:41:208:Infinity":48,"b:213:30:213:Infinity:214:30:214:Infinity":10,"f:237:34:237:35":9,"s:237:41:237:Infinity":49,"b:255:28:255:37:255:37:255:Infinity":11,"b:257:32:257:Infinity:258:32:258:Infinity":12,"b:262:27:262:81:262:81:262:Infinity":13,"f:283:41:283:42":10,"s:283:54:283:Infinity":50,"f:294:41:294:42":11,"s:294:54:294:Infinity":51,"f:317:41:317:42":12,"s:317:56:317:Infinity":52,"f:337:32:337:33":13,"s:337:44:337:Infinity":53}}}
,"/home/deppi/vaidajogo/src/components/TeamDraw.tsx": {"path":"/home/deppi/vaidajogo/src/components/TeamDraw.tsx","statementMap":{"0":{"start":{"line":19,"column":17},"end":{"line":314,"column":null}},"1":{"start":{"line":20,"column":33},"end":{"line":20,"column":null}},"2":{"start":{"line":21,"column":17},"end":{"line":21,"column":null}},"3":{"start":{"line":22,"column":39},"end":{"line":22,"column":null}},"4":{"start":{"line":28,"column":3},"end":{"line":28,"column":null}},"5":{"start":{"line":31,"column":2},"end":{"line":41,"column":31}},"6":{"start":{"line":33,"column":27},"end":{"line":33,"column":null}},"7":{"start":{"line":33,"column":47},"end":{"line":33,"column":56}},"8":{"start":{"line":35,"column":4},"end":{"line":40,"column":null}},"9":{"start":{"line":37,"column":6},"end":{"line":39,"column":null}},"10":{"start":{"line":38,"column":8},"end":{"line":38,"column":null}},"11":{"start":{"line":44,"column":32},"end":{"line":48,"column":null}},"12":{"start":{"line":45,"column":4},"end":{"line":45,"column":null}},"13":{"start":{"line":45,"column":36},"end":{"line":45,"column":null}},"14":{"start":{"line":46,"column":24},"end":{"line":46,"column":85}},"15":{"start":{"line":46,"column":53},"end":{"line":46,"column":81}},"16":{"start":{"line":47,"column":4},"end":{"line":47,"column":null}},"17":{"start":{"line":51,"column":30},"end":{"line":105,"column":null}},"18":{"start":{"line":52,"column":4},"end":{"line":52,"column":27}},"19":{"start":{"line":53,"column":4},"end":{"line":104,"column":null}},"20":{"start":{"line":55,"column":36},"end":{"line":58,"column":null}},"21":{"start":{"line":56,"column":8},"end":{"line":58,"column":null}},"22":{"start":{"line":61,"column":6},"end":{"line":68,"column":null}},"23":{"start":{"line":62,"column":8},"end":{"line":66,"column":null}},"24":{"start":{"line":67,"column":8},"end":{"line":67,"column":null}},"25":{"start":{"line":69,"column":6},"end":{"line":76,"column":null}},"26":{"start":{"line":70,"column":8},"end":{"line":74,"column":null}},"27":{"start":{"line":75,"column":8},"end":{"line":75,"column":null}},"28":{"start":{"line":79,"column":21},"end":{"line":79,"column":null}},"29":{"start":{"line":81,"column":6},"end":{"line":88,"column":null}},"30":{"start":{"line":82,"column":8},"end":{"line":86,"column":null}},"31":{"start":{"line":87,"column":8},"end":{"line":87,"column":null}},"32":{"start":{"line":90,"column":6},"end":{"line":94,"column":null}},"33":{"start":{"line":96,"column":6},"end":{"line":96,"column":null}},"34":{"start":{"line":97,"column":6},"end":{"line":101,"column":null}},"35":{"start":{"line":103,"column":6},"end":{"line":103,"column":30}},"36":{"start":{"line":108,"column":8},"end":{"line":113,"column":null}},"37":{"start":{"line":109,"column":4},"end":{"line":111,"column":null}},"38":{"start":{"line":110,"column":6},"end":{"line":111,"column":null}},"39":{"start":{"line":116,"column":8},"end":{"line":130,"column":null}},"40":{"start":{"line":117,"column":32},"end":{"line":117,"column":69}},"41":{"start":{"line":117,"column":52},"end":{"line":117,"column":61}},"42":{"start":{"line":118,"column":4},"end":{"line":128,"column":null}},"43":{"start":{"line":129,"column":4},"end":{"line":129,"column":null}},"44":{"start":{"line":149,"column":42},"end":{"line":149,"column":null}},"45":{"start":{"line":155,"column":56},"end":{"line":155,"column":63}},"46":{"start":{"line":164,"column":62},"end":{"line":164,"column":71}}},"fnMap":{"0":{"name":"(anonymous_0)","decl":{"start":{"line":19,"column":17},"end":{"line":19,"column":null}},"loc":{"start":{"line":19,"column":17},"end":{"line":314,"column":null}},"line":19},"1":{"name":"(anonymous_1)","decl":{"start":{"line":31,"column":12},"end":{"line":31,"column":null}},"loc":{"start":{"line":31,"column":12},"end":{"line":41,"column":5}},"line":31},"2":{"name":"(anonymous_2)","decl":{"start":{"line":33,"column":42},"end":{"line":33,"column":47}},"loc":{"start":{"line":33,"column":47},"end":{"line":33,"column":56}},"line":33},"3":{"name":"(anonymous_3)","decl":{"start":{"line":35,"column":27},"end":{"line":35,"column":null}},"loc":{"start":{"line":35,"column":27},"end":{"line":40,"column":null}},"line":35},"4":{"name":"(anonymous_4)","decl":{"start":{"line":44,"column":32},"end":{"line":44,"column":33}},"loc":{"start":{"line":44,"column":33},"end":{"line":48,"column":null}},"line":44},"5":{"name":"(anonymous_5)","decl":{"start":{"line":46,"column":36},"end":{"line":46,"column":37}},"loc":{"start":{"line":46,"column":53},"end":{"line":46,"column":81}},"line":46},"6":{"name":"(anonymous_6)","decl":{"start":{"line":51,"column":30},"end":{"line":51,"column":null}},"loc":{"start":{"line":51,"column":30},"end":{"line":105,"column":null}},"line":51},"7":{"name":"(anonymous_7)","decl":{"start":{"line":55,"column":51},"end":{"line":55,"column":null}},"loc":{"start":{"line":56,"column":8},"end":{"line":58,"column":null}},"line":56},"8":{"name":"(anonymous_8)","decl":{"start":{"line":108,"column":39},"end":{"line":108,"column":null}},"loc":{"start":{"line":108,"column":39},"end":{"line":113,"column":5}},"line":108},"9":{"name":"(anonymous_9)","decl":{"start":{"line":109,"column":26},"end":{"line":109,"column":null}},"loc":{"start":{"line":110,"column":6},"end":{"line":111,"column":null}},"line":110},"10":{"name":"(anonymous_10)","decl":{"start":{"line":116,"column":35},"end":{"line":116,"column":null}},"loc":{"start":{"line":116,"column":35},"end":{"line":130,"column":5}},"line":116},"11":{"name":"(anonymous_11)","decl":{"start":{"line":117,"column":47},"end":{"line":117,"column":52}},"loc":{"start":{"line":117,"column":52},"end":{"line":117,"column":61}},"line":117},"12":{"name":"(anonymous_12)","decl":{"start":{"line":149,"column":31},"end":{"line":149,"column":32}},"loc":{"start":{"line":149,"column":42},"end":{"line":149,"column":null}},"line":149},"13":{"name":"(anonymous_13)","decl":{"start":{"line":155,"column":46},"end":{"line":155,"column":47}},"loc":{"start":{"line":155,"column":56},"end":{"line":155,"column":63}},"line":155},"14":{"name":"(anonymous_14)","decl":{"start":{"line":164,"column":57},"end":{"line":164,"column":62}},"loc":{"start":{"line":164,"column":62},"end":{"line":164,"column":71}},"line":164},"15":{"name":"(anonymous_15)","decl":{"start":{"line":197,"column":59},"end":{"line":197,"column":67}},"loc":{"start":{"line":197,"column":59},"end":{"line":197,"column":null}},"line":197},"16":{"name":"(anonymous_16)","decl":{"start":{"line":210,"column":54},"end":{"line":210,"column":62}},"loc":{"start":{"line":210,"column":54},"end":{"line":210,"column":null}},"line":210}},"branchMap":{"0":{"loc":{"start":{"line":37,"column":6},"end":{"line":39,"column":null}},"type":"if","locations":[{"start":{"line":37,"column":6},"end":{"line":39,"column":null}},{"start":{},"end":{}}],"line":37},"1":{"loc":{"start":{"line":45,"column":4},"end":{"line":45,"column":null}},"type":"if","locations":[{"start":{"line":45,"column":4},"end":{"line":45,"column":null}},{"start":{},"end":{}}],"line":45},"2":{"loc":{"start":{"line":45,"column":8},"end":{"line":45,"column":36}},"type":"binary-expr","locations":[{"start":{"line":45,"column":8},"end":{"line":45,"column":17}},{"start":{"line":45,"column":17},"end":{"line":45,"column":36}}],"line":45},"3":{"loc":{"start":{"line":46,"column":60},"end":{"line":46,"column":81}},"type":"binary-expr","locations":[{"start":{"line":46,"column":60},"end":{"line":46,"column":73}},{"start":{"line":46,"column":77},"end":{"line":46,"column":81}}],"line":46},"4":{"loc":{"start":{"line":56,"column":8},"end":{"line":58,"column":null}},"type":"binary-expr","locations":[{"start":{"line":56,"column":8},"end":{"line":56,"column":23}},{"start":{"line":57,"column":8},"end":{"line":57,"column":17}},{"start":{"line":58,"column":8},"end":{"line":58,"column":null}}],"line":56},"5":{"loc":{"start":{"line":61,"column":6},"end":{"line":68,"column":null}},"type":"if","locations":[{"start":{"line":61,"column":6},"end":{"line":68,"column":null}},{"start":{},"end":{}}],"line":61},"6":{"loc":{"start":{"line":69,"column":6},"end":{"line":76,"column":null}},"type":"if","locations":[{"start":{"line":69,"column":6},"end":{"line":76,"column":null}},{"start":{},"end":{}}],"line":69},"7":{"loc":{"start":{"line":81,"column":6},"end":{"line":88,"column":null}},"type":"if","locations":[{"start":{"line":81,"column":6},"end":{"line":88,"column":null}},{"start":{},"end":{}}],"line":81},"8":{"loc":{"start":{"line":84,"column":23},"end":{"line":84,"column":null}},"type":"binary-expr","locations":[{"start":{"line":84,"column":23},"end":{"line":84,"column":35}},{"start":{"line":84,"column":39},"end":{"line":84,"column":null}}],"line":84},"9":{"loc":{"start":{"line":110,"column":6},"end":{"line":111,"column":null}},"type":"binary-expr","locations":[{"start":{"line":110,"column":6},"end":{"line":110,"column":15}},{"start":{"line":111,"column":6},"end":{"line":111,"column":null}}],"line":110},"10":{"loc":{"start":{"line":118,"column":4},"end":{"line":128,"column":null}},"type":"if","locations":[{"start":{"line":118,"column":4},"end":{"line":128,"column":null}},{"start":{},"end":{}}],"line":118},"11":{"loc":{"start":{"line":157,"column":36},"end":{"line":157,"column":null}},"type":"cond-expr","locations":[{"start":{"line":157,"column":46},"end":{"line":157,"column":53}},{"start":{"line":157,"column":53},"end":{"line":157,"column":null}}],"line":157},"12":{"loc":{"start":{"line":164,"column":26},"end":{"line":164,"column":null}},"type":"binary-expr","locations":[{"start":{"line":164,"column":26},"end":{"line":164,"column":42}},{"start":{"line":164,"column":42},"end":{"line":164,"column":null}}],"line":164},"13":{"loc":{"start":{"line":168,"column":17},"end":{"line":168,"column":null}},"type":"cond-expr","locations":[{"start":{"line":168,"column":32},"end":{"line":168,"column":62}},{"start":{"line":168,"column":65},"end":{"line":168,"column":null}}],"line":168}},"s":{"0":1,"1":5,"2":5,"3":5,"4":5,"5":5,"6":4,"7":5,"8":4,"9":5,"10":0,"11":5,"12":2,"13":0,"14":2,"15":4,"16":2,"17":5,"18":1,"19":1,"20":1,"21":5,"22":1,"23":0,"24":0,"25":1,"26":0,"27":0,"28":1,"29":1,"30":0,"31":0,"32":1,"33":0,"34":0,"35":1,"36":5,"37":4,"38":5,"39":5,"40":4,"41":5,"42":4,"43":1,"44":0,"45":50,"46":10},"f":{"0":5,"1":4,"2":5,"3":5,"4":2,"5":4,"6":1,"7":5,"8":4,"9":5,"10":4,"11":5,"12":0,"13":50,"14":10,"15":0,"16":0},"b":{"0":[0,5],"1":[0,2],"2":[2,2],"3":[4,0],"4":[5,5,5],"5":[0,1],"6":[0,1],"7":[0,1],"8":[0,0],"9":[5,5],"10":[3,1],"11":[45,5],"12":[5,5],"13":[0,5]},"meta":{"lastBranch":14,"lastFunction":17,"lastStatement":47,"seen":{"s:19:17:314:Infinity":0,"f:19:17:19:Infinity":0,"s:20:33:20:Infinity":1,"s:21:17:21:Infinity":2,"s:22:39:22:Infinity":3,"s:28:3:28:Infinity":4,"s:31:2:41:31":5,"f:31:12:31:Infinity":1,"s:33:27:33:Infinity":6,"f:33:42:33:47":2,"s:33:47:33:56":7,"s:35:4:40:Infinity":8,"f:35:27:35:Infinity":3,"b:37:6:39:Infinity:undefined:undefined:undefined:undefined":0,"s:37:6:39:Infinity":9,"s:38:8:38:Infinity":10,"s:44:32:48:Infinity":11,"f:44:32:44:33":4,"b:45:4:45:Infinity:undefined:undefined:undefined:undefined":1,"s:45:4:45:Infinity":12,"b:45:8:45:17:45:17:45:36":2,"s:45:36:45:Infinity":13,"s:46:24:46:85":14,"f:46:36:46:37":5,"s:46:53:46:81":15,"b:46:60:46:73:46:77:46:81":3,"s:47:4:47:Infinity":16,"s:51:30:105:Infinity":17,"f:51:30:51:Infinity":6,"s:52:4:52:27":18,"s:53:4:104:Infinity":19,"s:55:36:58:Infinity":20,"f:55:51:55:Infinity":7,"s:56:8:58:Infinity":21,"b:56:8:56:23:57:8:57:17:58:8:58:Infinity":4,"b:61:6:68:Infinity:undefined:undefined:undefined:undefined":5,"s:61:6:68:Infinity":22,"s:62:8:66:Infinity":23,"s:67:8:67:Infinity":24,"b:69:6:76:Infinity:undefined:undefined:undefined:undefined":6,"s:69:6:76:Infinity":25,"s:70:8:74:Infinity":26,"s:75:8:75:Infinity":27,"s:79:21:79:Infinity":28,"b:81:6:88:Infinity:undefined:undefined:undefined:undefined":7,"s:81:6:88:Infinity":29,"s:82:8:86:Infinity":30,"b:84:23:84:35:84:39:84:Infinity":8,"s:87:8:87:Infinity":31,"s:90:6:94:Infinity":32,"s:96:6:96:Infinity":33,"s:97:6:101:Infinity":34,"s:103:6:103:30":35,"s:108:8:113:Infinity":36,"f:108:39:108:Infinity":8,"s:109:4:111:Infinity":37,"f:109:26:109:Infinity":9,"s:110:6:111:Infinity":38,"b:110:6:110:15:111:6:111:Infinity":9,"s:116:8:130:Infinity":39,"f:116:35:116:Infinity":10,"s:117:32:117:69":40,"f:117:47:117:52":11,"s:117:52:117:61":41,"b:118:4:128:Infinity:undefined:undefined:undefined:undefined":10,"s:118:4:128:Infinity":42,"s:129:4:129:Infinity":43,"f:149:31:149:32":12,"s:149:42:149:Infinity":44,"f:155:46:155:47":13,"s:155:56:155:63":45,"b:157:46:157:53:157:53:157:Infinity":11,"b:164:26:164:42:164:42:164:Infinity":12,"f:164:57:164:62":14,"s:164:62:164:71":46,"b:168:32:168:62:168:65:168:Infinity":13,"f:197:59:197:67":15,"f:210:54:210:62":16}}}
,"/home/deppi/vaidajogo/src/components/TournamentBracket.tsx": {"path":"/home/deppi/vaidajogo/src/components/TournamentBracket.tsx","statementMap":{"0":{"start":{"line":13,"column":22},"end":{"line":47,"column":null}},"1":{"start":{"line":49,"column":27},"end":{"line":103,"column":null}},"2":{"start":{"line":105,"column":33},"end":{"line":212,"column":null}},"3":{"start":{"line":106,"column":20},"end":{"line":106,"column":null}},"4":{"start":{"line":107,"column":22},"end":{"line":107,"column":null}}},"fnMap":{"0":{"name":"(anonymous_0)","decl":{"start":{"line":13,"column":22},"end":{"line":13,"column":23}},"loc":{"start":{"line":13,"column":78},"end":{"line":47,"column":null}},"line":13},"1":{"name":"(anonymous_1)","decl":{"start":{"line":49,"column":27},"end":{"line":49,"column":28}},"loc":{"start":{"line":49,"column":86},"end":{"line":103,"column":null}},"line":49},"2":{"name":"(anonymous_2)","decl":{"start":{"line":105,"column":33},"end":{"line":105,"column":34}},"loc":{"start":{"line":105,"column":85},"end":{"line":212,"column":null}},"line":105}},"branchMap":{"0":{"loc":{"start":{"line":33,"column":17},"end":{"line":33,"column":null}},"type":"binary-expr","locations":[{"start":{"line":33,"column":17},"end":{"line":33,"column":29}},{"start":{"line":33,"column":33},"end":{"line":33,"column":null}}],"line":33},"1":{"loc":{"start":{"line":39,"column":17},"end":{"line":39,"column":null}},"type":"binary-expr","locations":[{"start":{"line":39,"column":17},"end":{"line":39,"column":29}},{"start":{"line":39,"column":33},"end":{"line":39,"column":null}}],"line":39},"2":{"loc":{"start":{"line":64,"column":17},"end":{"line":64,"column":null}},"type":"binary-expr","locations":[{"start":{"line":64,"column":17},"end":{"line":64,"column":29}},{"start":{"line":64,"column":33},"end":{"line":64,"column":null}}],"line":64},"3":{"loc":{"start":{"line":70,"column":17},"end":{"line":70,"column":null}},"type":"binary-expr","locations":[{"start":{"line":70,"column":17},"end":{"line":70,"column":29}},{"start":{"line":70,"column":33},"end":{"line":70,"column":null}}],"line":70},"4":{"loc":{"start":{"line":89,"column":17},"end":{"line":89,"column":null}},"type":"binary-expr","locations":[{"start":{"line":89,"column":17},"end":{"line":89,"column":34}},{"start":{"line":89,"column":38},"end":{"line":89,"column":null}}],"line":89},"5":{"loc":{"start":{"line":95,"column":17},"end":{"line":95,"column":null}},"type":"binary-expr","locations":[{"start":{"line":95,"column":17},"end":{"line":95,"column":34}},{"start":{"line":95,"column":38},"end":{"line":95,"column":null}}],"line":95},"6":{"loc":{"start":{"line":106,"column":20},"end":{"line":106,"column":null}},"type":"binary-expr","locations":[{"start":{"line":106,"column":20},"end":{"line":106,"column":30}},{"start":{"line":106,"column":30},"end":{"line":106,"column":null}}],"line":106},"7":{"loc":{"start":{"line":107,"column":22},"end":{"line":107,"column":null}},"type":"binary-expr","locations":[{"start":{"line":107,"column":22},"end":{"line":107,"column":41}},{"start":{"line":107,"column":41},"end":{"line":107,"column":null}}],"line":107},"8":{"loc":{"start":{"line":142,"column":29},"end":{"line":142,"column":null}},"type":"cond-expr","locations":[{"start":{"line":142,"column":58},"end":{"line":142,"column":70}},{"start":{"line":142,"column":73},"end":{"line":142,"column":null}}],"line":142},"9":{"loc":{"start":{"line":146,"column":29},"end":{"line":146,"column":null}},"type":"cond-expr","locations":[{"start":{"line":146,"column":58},"end":{"line":146,"column":70}},{"start":{"line":146,"column":73},"end":{"line":146,"column":null}}],"line":146}},"s":{"0":1,"1":1,"2":1,"3":3,"4":3},"f":{"0":3,"1":1,"2":3},"b":{"0":[2,0],"1":[2,0],"2":[1,0],"3":[1,0],"4":[1,0],"5":[1,0],"6":[3,3],"7":[3,1],"8":[1,0],"9":[1,0]},"meta":{"lastBranch":10,"lastFunction":3,"lastStatement":5,"seen":{"s:13:22:47:Infinity":0,"f:13:22:13:23":0,"b:33:17:33:29:33:33:33:Infinity":0,"b:39:17:39:29:39:33:39:Infinity":1,"s:49:27:103:Infinity":1,"f:49:27:49:28":1,"b:64:17:64:29:64:33:64:Infinity":2,"b:70:17:70:29:70:33:70:Infinity":3,"b:89:17:89:34:89:38:89:Infinity":4,"b:95:17:95:34:95:38:95:Infinity":5,"s:105:33:212:Infinity":2,"f:105:33:105:34":2,"s:106:20:106:Infinity":3,"b:106:20:106:30:106:30:106:Infinity":6,"s:107:22:107:Infinity":4,"b:107:22:107:41:107:41:107:Infinity":7,"b:142:58:142:70:142:73:142:Infinity":8,"b:146:58:146:70:146:73:146:Infinity":9}}}
,"/home/deppi/vaidajogo/src/components/ui/alert.tsx": {"path":"/home/deppi/vaidajogo/src/components/ui/alert.tsx","statementMap":{"0":{"start":{"line":6,"column":6},"end":{"line":19,"column":null}},"1":{"start":{"line":33,"column":0},"end":{"line":33,"column":null}},"2":{"start":{"line":45,"column":0},"end":{"line":45,"column":null}},"3":{"start":{"line":57,"column":0},"end":{"line":57,"column":null}}},"fnMap":{},"branchMap":{},"s":{"0":1,"1":1,"2":1,"3":1},"f":{},"b":{},"meta":{"lastBranch":0,"lastFunction":0,"lastStatement":4,"seen":{"s:6:6:19:Infinity":0,"s:33:0:33:Infinity":1,"s:45:0:45:Infinity":2,"s:57:0:57:Infinity":3}}}
,"/home/deppi/vaidajogo/src/components/ui/badge.tsx": {"path":"/home/deppi/vaidajogo/src/components/ui/badge.tsx","statementMap":{"0":{"start":{"line":6,"column":6},"end":{"line":23,"column":null}}},"fnMap":{"0":{"name":"Badge","decl":{"start":{"line":30,"column":9},"end":{"line":30,"column":15}},"loc":{"start":{"line":30,"column":59},"end":{"line":34,"column":null}},"line":30}},"branchMap":{},"s":{"0":1},"f":{"0":0},"b":{},"meta":{"lastBranch":0,"lastFunction":1,"lastStatement":1,"seen":{"s:6:6:23:Infinity":0,"f:30:9:30:15":0}}}
,"/home/deppi/vaidajogo/src/components/ui/button.tsx": {"path":"/home/deppi/vaidajogo/src/components/ui/button.tsx","statementMap":{"0":{"start":{"line":7,"column":6},"end":{"line":33,"column":null}},"1":{"start":{"line":42,"column":15},"end":{"line":52,"column":null}},"2":{"start":{"line":44,"column":17},"end":{"line":44,"column":null}},"3":{"start":{"line":54,"column":0},"end":{"line":54,"column":null}}},"fnMap":{"0":{"name":"(anonymous_0)","decl":{"start":{"line":43,"column":2},"end":{"line":43,"column":3}},"loc":{"start":{"line":43,"column":60},"end":{"line":52,"column":null}},"line":43}},"branchMap":{"0":{"loc":{"start":{"line":43,"column":31},"end":{"line":43,"column":46}},"type":"default-arg","locations":[{"start":{"line":43,"column":41},"end":{"line":43,"column":46}}],"line":43},"1":{"loc":{"start":{"line":44,"column":17},"end":{"line":44,"column":null}},"type":"cond-expr","locations":[{"start":{"line":44,"column":27},"end":{"line":44,"column":34}},{"start":{"line":44,"column":34},"end":{"line":44,"column":null}}],"line":44}},"s":{"0":2,"1":2,"2":35,"3":2},"f":{"0":35},"b":{"0":[35],"1":[0,35]},"meta":{"lastBranch":2,"lastFunction":1,"lastStatement":4,"seen":{"s:7:6:33:Infinity":0,"s:42:15:52:Infinity":1,"f:43:2:43:3":0,"b:43:41:43:46":0,"s:44:17:44:Infinity":2,"b:44:27:44:34:44:34:44:Infinity":1,"s:54:0:54:Infinity":3}}}
,"/home/deppi/vaidajogo/src/components/ui/calendar.tsx": {"path":"/home/deppi/vaidajogo/src/components/ui/calendar.tsx","statementMap":{"0":{"start":{"line":62,"column":0},"end":{"line":62,"column":null}}},"fnMap":{"0":{"name":"Calendar","decl":{"start":{"line":10,"column":9},"end":{"line":10,"column":18}},"loc":{"start":{"line":15,"column":16},"end":{"line":61,"column":null}},"line":15}},"branchMap":{"0":{"loc":{"start":{"line":13,"column":2},"end":{"line":13,"column":24}},"type":"default-arg","locations":[{"start":{"line":13,"column":20},"end":{"line":13,"column":24}}],"line":13}},"s":{"0":1},"f":{"0":0},"b":{"0":[0]},"meta":{"lastBranch":1,"lastFunction":1,"lastStatement":1,"seen":{"f:10:9:10:18":0,"b:13:20:13:24":0,"s:62:0:62:Infinity":0}}}
,"/home/deppi/vaidajogo/src/components/ui/card.tsx": {"path":"/home/deppi/vaidajogo/src/components/ui/card.tsx","statementMap":{"0":{"start":{"line":18,"column":0},"end":{"line":18,"column":null}},"1":{"start":{"line":30,"column":0},"end":{"line":30,"column":null}},"2":{"start":{"line":45,"column":0},"end":{"line":45,"column":null}},"3":{"start":{"line":57,"column":0},"end":{"line":57,"column":null}},"4":{"start":{"line":65,"column":0},"end":{"line":65,"column":null}},"5":{"start":{"line":77,"column":0},"end":{"line":77,"column":null}}},"fnMap":{},"branchMap":{},"s":{"0":3,"1":3,"2":3,"3":3,"4":3,"5":3},"f":{},"b":{},"meta":{"lastBranch":0,"lastFunction":0,"lastStatement":6,"seen":{"s:18:0:18:Infinity":0,"s:30:0:30:Infinity":1,"s:45:0:45:Infinity":2,"s:57:0:57:Infinity":3,"s:65:0:65:Infinity":4,"s:77:0:77:Infinity":5}}}
,"/home/deppi/vaidajogo/src/components/ui/checkbox.tsx": {"path":"/home/deppi/vaidajogo/src/components/ui/checkbox.tsx","statementMap":{"0":{"start":{"line":26,"column":0},"end":{"line":26,"column":null}}},"fnMap":{},"branchMap":{},"s":{"0":1},"f":{},"b":{},"meta":{"lastBranch":0,"lastFunction":0,"lastStatement":1,"seen":{"s:26:0:26:Infinity":0}}}
,"/home/deppi/vaidajogo/src/components/ui/input.tsx": {"path":"/home/deppi/vaidajogo/src/components/ui/input.tsx","statementMap":{"0":{"start":{"line":5,"column":14},"end":{"line":18,"column":null}},"1":{"start":{"line":20,"column":0},"end":{"line":20,"column":null}}},"fnMap":{"0":{"name":"(anonymous_0)","decl":{"start":{"line":6,"column":2},"end":{"line":6,"column":3}},"loc":{"start":{"line":6,"column":34},"end":{"line":18,"column":null}},"line":6}},"branchMap":{},"s":{"0":1,"1":1},"f":{"0":14},"b":{},"meta":{"lastBranch":0,"lastFunction":1,"lastStatement":2,"seen":{"s:5:14:18:Infinity":0,"f:6:2:6:3":0,"s:20:0:20:Infinity":1}}}
,"/home/deppi/vaidajogo/src/components/ui/label.tsx": {"path":"/home/deppi/vaidajogo/src/components/ui/label.tsx","statementMap":{"0":{"start":{"line":7,"column":6},"end":{"line":8,"column":null}},"1":{"start":{"line":22,"column":0},"end":{"line":22,"column":null}}},"fnMap":{},"branchMap":{},"s":{"0":2,"1":2},"f":{},"b":{},"meta":{"lastBranch":0,"lastFunction":0,"lastStatement":2,"seen":{"s:7:6:8:Infinity":0,"s:22:0:22:Infinity":1}}}
,"/home/deppi/vaidajogo/src/components/ui/popover.tsx": {"path":"/home/deppi/vaidajogo/src/components/ui/popover.tsx","statementMap":{"0":{"start":{"line":6,"column":16},"end":{"line":6,"column":37}},"1":{"start":{"line":8,"column":23},"end":{"line":8,"column":47}},"2":{"start":{"line":27,"column":0},"end":{"line":27,"column":null}}},"fnMap":{},"branchMap":{"0":{"loc":{"start":{"line":13,"column":16},"end":{"line":13,"column":32}},"type":"default-arg","locations":[{"start":{"line":13,"column":24},"end":{"line":13,"column":32}}],"line":13},"1":{"loc":{"start":{"line":13,"column":34},"end":{"line":13,"column":48}},"type":"default-arg","locations":[{"start":{"line":13,"column":47},"end":{"line":13,"column":48}}],"line":13}},"s":{"0":1,"1":1,"2":1},"f":{},"b":{"0":[7],"1":[7]},"meta":{"lastBranch":2,"lastFunction":0,"lastStatement":3,"seen":{"s:6:16:6:37":0,"s:8:23:8:47":1,"b:13:24:13:32":0,"b:13:47:13:48":1,"s:27:0:27:Infinity":2}}}
,"/home/deppi/vaidajogo/src/components/ui/select.tsx": {"path":"/home/deppi/vaidajogo/src/components/ui/select.tsx","statementMap":{"0":{"start":{"line":7,"column":15},"end":{"line":7,"column":35}},"1":{"start":{"line":9,"column":20},"end":{"line":9,"column":41}},"2":{"start":{"line":11,"column":20},"end":{"line":11,"column":41}},"3":{"start":{"line":31,"column":0},"end":{"line":31,"column":null}},"4":{"start":{"line":48,"column":0},"end":{"line":48,"column":null}},"5":{"start":{"line":65,"column":0},"end":{"line":66,"column":null}},"6":{"start":{"line":98,"column":0},"end":{"line":98,"column":null}},"7":{"start":{"line":110,"column":0},"end":{"line":110,"column":null}},"8":{"start":{"line":133,"column":0},"end":{"line":133,"column":null}},"9":{"start":{"line":145,"column":0},"end":{"line":145,"column":null}}},"fnMap":{},"branchMap":{"0":{"loc":{"start":{"line":71,"column":26},"end":{"line":71,"column":45}},"type":"default-arg","locations":[{"start":{"line":71,"column":37},"end":{"line":71,"column":45}}],"line":71},"1":{"loc":{"start":{"line":77,"column":8},"end":{"line":78,"column":null}},"type":"binary-expr","locations":[{"start":{"line":77,"column":8},"end":{"line":77,"column":null}},{"start":{"line":78,"column":10},"end":{"line":78,"column":null}}],"line":77},"2":{"loc":{"start":{"line":88,"column":10},"end":{"line":89,"column":null}},"type":"binary-expr","locations":[{"start":{"line":88,"column":10},"end":{"line":88,"column":null}},{"start":{"line":89,"column":12},"end":{"line":89,"column":null}}],"line":88}},"s":{"0":1,"1":1,"2":1,"3":1,"4":1,"5":1,"6":1,"7":1,"8":1,"9":1},"f":{},"b":{"0":[12],"1":[12,12],"2":[12,12]},"meta":{"lastBranch":3,"lastFunction":0,"lastStatement":10,"seen":{"s:7:15:7:35":0,"s:9:20:9:41":1,"s:11:20:11:41":2,"s:31:0:31:Infinity":3,"s:48:0:48:Infinity":4,"s:65:0:66:Infinity":5,"b:71:37:71:45":0,"b:77:8:77:Infinity:78:10:78:Infinity":1,"b:88:10:88:Infinity:89:12:89:Infinity":2,"s:98:0:98:Infinity":6,"s:110:0:110:Infinity":7,"s:133:0:133:Infinity":8,"s:145:0:145:Infinity":9}}}
,"/home/deppi/vaidajogo/src/constants/colors.ts": {"path":"/home/deppi/vaidajogo/src/constants/colors.ts","statementMap":{"0":{"start":{"line":8,"column":22},"end":{"line":94,"column":null}},"1":{"start":{"line":97,"column":28},"end":{"line":106,"column":null}}},"fnMap":{},"branchMap":{},"s":{"0":1,"1":1},"f":{},"b":{},"meta":{"lastBranch":0,"lastFunction":0,"lastStatement":2,"seen":{"s:8:22:94:Infinity":0,"s:97:28:106:Infinity":1}}}
,"/home/deppi/vaidajogo/src/constants/config.ts": {"path":"/home/deppi/vaidajogo/src/constants/config.ts","statementMap":{"0":{"start":{"line":8,"column":22},"end":{"line":55,"column":null}},"1":{"start":{"line":58,"column":22},"end":{"line":68,"column":null}},"2":{"start":{"line":71,"column":27},"end":{"line":77,"column":null}},"3":{"start":{"line":80,"column":23},"end":{"line":89,"column":null}}},"fnMap":{},"branchMap":{},"s":{"0":1,"1":1,"2":1,"3":1},"f":{},"b":{},"meta":{"lastBranch":0,"lastFunction":0,"lastStatement":4,"seen":{"s:8:22:55:Infinity":0,"s:58:22:68:Infinity":1,"s:71:27:77:Infinity":2,"s:80:23:89:Infinity":3}}}
,"/home/deppi/vaidajogo/src/constants/index.ts": {"path":"/home/deppi/vaidajogo/src/constants/index.ts","statementMap":{},"fnMap":{},"branchMap":{},"s":{},"f":{},"b":{},"meta":{"lastBranch":0,"lastFunction":0,"lastStatement":0,"seen":{}}}
,"/home/deppi/vaidajogo/src/constants/texts.ts": {"path":"/home/deppi/vaidajogo/src/constants/texts.ts","statementMap":{"0":{"start":{"line":7,"column":21},"end":{"line":438,"column":null}}},"fnMap":{},"branchMap":{},"s":{"0":2},"f":{},"b":{},"meta":{"lastBranch":0,"lastFunction":0,"lastStatement":1,"seen":{"s:7:21:438:Infinity":0}}}
,"/home/deppi/vaidajogo/src/lib/utils.ts": {"path":"/home/deppi/vaidajogo/src/lib/utils.ts","statementMap":{"0":{"start":{"line":5,"column":2},"end":{"line":5,"column":null}}},"fnMap":{"0":{"name":"cn","decl":{"start":{"line":4,"column":16},"end":{"line":4,"column":19}},"loc":{"start":{"line":4,"column":42},"end":{"line":6,"column":null}},"line":4}},"branchMap":{},"s":{"0":417},"f":{"0":417},"b":{},"meta":{"lastBranch":0,"lastFunction":1,"lastStatement":1,"seen":{"f:4:16:4:19":0,"s:5:2:5:Infinity":0}}}
,"/home/deppi/vaidajogo/src/stores/usePlayerStore.ts": {"path":"/home/deppi/vaidajogo/src/stores/usePlayerStore.ts","statementMap":{"0":{"start":{"line":59,"column":13},"end":{"line":226,"column":null}},"1":{"start":{"line":61,"column":19},"end":{"line":216,"column":null}},"2":{"start":{"line":84,"column":8},"end":{"line":86,"column":null}},"3":{"start":{"line":84,"column":24},"end":{"line":86,"column":null}},"4":{"start":{"line":90,"column":8},"end":{"line":94,"column":null}},"5":{"start":{"line":90,"column":24},"end":{"line":94,"column":null}},"6":{"start":{"line":92,"column":12},"end":{"line":92,"column":null}},"7":{"start":{"line":98,"column":8},"end":{"line":100,"column":null}},"8":{"start":{"line":98,"column":24},"end":{"line":100,"column":null}},"9":{"start":{"line":99,"column":52},"end":{"line":99,"column":null}},"10":{"start":{"line":104,"column":8},"end":{"line":104,"column":null}},"11":{"start":{"line":108,"column":8},"end":{"line":108,"column":null}},"12":{"start":{"line":113,"column":8},"end":{"line":113,"column":null}},"13":{"start":{"line":117,"column":8},"end":{"line":117,"column":null}},"14":{"start":{"line":121,"column":8},"end":{"line":121,"column":null}},"15":{"start":{"line":125,"column":8},"end":{"line":125,"column":null}},"16":{"start":{"line":129,"column":8},"end":{"line":134,"column":null}},"17":{"start":{"line":139,"column":8},"end":{"line":139,"column":null}},"18":{"start":{"line":143,"column":8},"end":{"line":143,"column":null}},"19":{"start":{"line":147,"column":8},"end":{"line":147,"column":null}},"20":{"start":{"line":151,"column":8},"end":{"line":151,"column":null}},"21":{"start":{"line":155,"column":8},"end":{"line":155,"column":null}},"22":{"start":{"line":159,"column":8},"end":{"line":159,"column":null}},"23":{"start":{"line":163,"column":8},"end":{"line":170,"column":null}},"24":{"start":{"line":175,"column":8},"end":{"line":175,"column":null}},"25":{"start":{"line":180,"column":8},"end":{"line":186,"column":null}},"26":{"start":{"line":180,"column":24},"end":{"line":186,"column":null}},"27":{"start":{"line":182,"column":12},"end":{"line":184,"column":null}},"28":{"start":{"line":190,"column":8},"end":{"line":196,"column":null}},"29":{"start":{"line":190,"column":24},"end":{"line":196,"column":null}},"30":{"start":{"line":192,"column":12},"end":{"line":194,"column":null}},"31":{"start":{"line":200,"column":8},"end":{"line":205,"column":null}},"32":{"start":{"line":200,"column":24},"end":{"line":205,"column":null}},"33":{"start":{"line":201,"column":50},"end":{"line":204,"column":null}},"34":{"start":{"line":209,"column":8},"end":{"line":214,"column":null}},"35":{"start":{"line":209,"column":24},"end":{"line":214,"column":null}},"36":{"start":{"line":210,"column":50},"end":{"line":213,"column":null}},"37":{"start":{"line":219,"column":30},"end":{"line":225,"column":null}}},"fnMap":{"0":{"name":"(anonymous_0)","decl":{"start":{"line":61,"column":4},"end":{"line":61,"column":5}},"loc":{"start":{"line":61,"column":19},"end":{"line":216,"column":null}},"line":61},"1":{"name":"(anonymous_1)","decl":{"start":{"line":83,"column":17},"end":{"line":83,"column":18}},"loc":{"start":{"line":83,"column":18},"end":{"line":87,"column":null}},"line":83},"2":{"name":"(anonymous_2)","decl":{"start":{"line":84,"column":12},"end":{"line":84,"column":13}},"loc":{"start":{"line":84,"column":24},"end":{"line":86,"column":null}},"line":84},"3":{"name":"(anonymous_3)","decl":{"start":{"line":89,"column":20},"end":{"line":89,"column":21}},"loc":{"start":{"line":89,"column":25},"end":{"line":95,"column":null}},"line":89},"4":{"name":"(anonymous_4)","decl":{"start":{"line":90,"column":12},"end":{"line":90,"column":13}},"loc":{"start":{"line":90,"column":24},"end":{"line":94,"column":null}},"line":90},"5":{"name":"(anonymous_5)","decl":{"start":{"line":91,"column":37},"end":{"line":91,"column":38}},"loc":{"start":{"line":92,"column":12},"end":{"line":92,"column":null}},"line":92},"6":{"name":"(anonymous_6)","decl":{"start":{"line":97,"column":20},"end":{"line":97,"column":21}},"loc":{"start":{"line":97,"column":21},"end":{"line":101,"column":null}},"line":97},"7":{"name":"(anonymous_7)","decl":{"start":{"line":98,"column":12},"end":{"line":98,"column":13}},"loc":{"start":{"line":98,"column":24},"end":{"line":100,"column":null}},"line":98},"8":{"name":"(anonymous_8)","decl":{"start":{"line":99,"column":40},"end":{"line":99,"column":41}},"loc":{"start":{"line":99,"column":52},"end":{"line":99,"column":null}},"line":99},"9":{"name":"(anonymous_9)","decl":{"start":{"line":103,"column":24},"end":{"line":103,"column":25}},"loc":{"start":{"line":103,"column":25},"end":{"line":105,"column":null}},"line":103},"10":{"name":"(anonymous_10)","decl":{"start":{"line":107,"column":24},"end":{"line":107,"column":25}},"loc":{"start":{"line":107,"column":25},"end":{"line":109,"column":null}},"line":107},"11":{"name":"(anonymous_11)","decl":{"start":{"line":112,"column":23},"end":{"line":112,"column":24}},"loc":{"start":{"line":112,"column":24},"end":{"line":114,"column":null}},"line":112},"12":{"name":"(anonymous_12)","decl":{"start":{"line":116,"column":30},"end":{"line":116,"column":31}},"loc":{"start":{"line":116,"column":31},"end":{"line":118,"column":null}},"line":116},"13":{"name":"(anonymous_13)","decl":{"start":{"line":120,"column":22},"end":{"line":120,"column":23}},"loc":{"start":{"line":120,"column":23},"end":{"line":122,"column":null}},"line":120},"14":{"name":"(anonymous_14)","decl":{"start":{"line":124,"column":29},"end":{"line":124,"column":30}},"loc":{"start":{"line":124,"column":30},"end":{"line":126,"column":null}},"line":124},"15":{"name":"(anonymous_15)","decl":{"start":{"line":128,"column":27},"end":{"line":128,"column":null}},"loc":{"start":{"line":128,"column":27},"end":{"line":135,"column":null}},"line":128},"16":{"name":"(anonymous_16)","decl":{"start":{"line":138,"column":21},"end":{"line":138,"column":22}},"loc":{"start":{"line":138,"column":22},"end":{"line":140,"column":null}},"line":138},"17":{"name":"(anonymous_17)","decl":{"start":{"line":142,"column":24},"end":{"line":142,"column":25}},"loc":{"start":{"line":142,"column":25},"end":{"line":144,"column":null}},"line":142},"18":{"name":"(anonymous_18)","decl":{"start":{"line":146,"column":27},"end":{"line":146,"column":28}},"loc":{"start":{"line":146,"column":28},"end":{"line":148,"column":null}},"line":146},"19":{"name":"(anonymous_19)","decl":{"start":{"line":150,"column":25},"end":{"line":150,"column":26}},"loc":{"start":{"line":150,"column":26},"end":{"line":152,"column":null}},"line":150},"20":{"name":"(anonymous_20)","decl":{"start":{"line":154,"column":27},"end":{"line":154,"column":28}},"loc":{"start":{"line":154,"column":28},"end":{"line":156,"column":null}},"line":154},"21":{"name":"(anonymous_21)","decl":{"start":{"line":158,"column":26},"end":{"line":158,"column":27}},"loc":{"start":{"line":158,"column":27},"end":{"line":160,"column":null}},"line":158},"22":{"name":"(anonymous_22)","decl":{"start":{"line":162,"column":20},"end":{"line":162,"column":null}},"loc":{"start":{"line":162,"column":20},"end":{"line":171,"column":null}},"line":162},"23":{"name":"(anonymous_23)","decl":{"start":{"line":174,"column":20},"end":{"line":174,"column":21}},"loc":{"start":{"line":174,"column":21},"end":{"line":176,"column":null}},"line":174},"24":{"name":"(anonymous_24)","decl":{"start":{"line":179,"column":22},"end":{"line":179,"column":23}},"loc":{"start":{"line":179,"column":23},"end":{"line":187,"column":null}},"line":179},"25":{"name":"(anonymous_25)","decl":{"start":{"line":180,"column":12},"end":{"line":180,"column":13}},"loc":{"start":{"line":180,"column":24},"end":{"line":186,"column":null}},"line":180},"26":{"name":"(anonymous_26)","decl":{"start":{"line":181,"column":37},"end":{"line":181,"column":38}},"loc":{"start":{"line":182,"column":12},"end":{"line":184,"column":null}},"line":182},"27":{"name":"(anonymous_27)","decl":{"start":{"line":189,"column":21},"end":{"line":189,"column":22}},"loc":{"start":{"line":189,"column":22},"end":{"line":197,"column":null}},"line":189},"28":{"name":"(anonymous_28)","decl":{"start":{"line":190,"column":12},"end":{"line":190,"column":13}},"loc":{"start":{"line":190,"column":24},"end":{"line":196,"column":null}},"line":190},"29":{"name":"(anonymous_29)","decl":{"start":{"line":191,"column":37},"end":{"line":191,"column":38}},"loc":{"start":{"line":192,"column":12},"end":{"line":194,"column":null}},"line":192},"30":{"name":"(anonymous_30)","decl":{"start":{"line":199,"column":26},"end":{"line":199,"column":27}},"loc":{"start":{"line":199,"column":27},"end":{"line":206,"column":null}},"line":199},"31":{"name":"(anonymous_31)","decl":{"start":{"line":200,"column":12},"end":{"line":200,"column":13}},"loc":{"start":{"line":200,"column":24},"end":{"line":205,"column":null}},"line":200},"32":{"name":"(anonymous_32)","decl":{"start":{"line":201,"column":37},"end":{"line":201,"column":38}},"loc":{"start":{"line":201,"column":50},"end":{"line":204,"column":null}},"line":201},"33":{"name":"(anonymous_33)","decl":{"start":{"line":208,"column":25},"end":{"line":208,"column":26}},"loc":{"start":{"line":208,"column":26},"end":{"line":215,"column":null}},"line":208},"34":{"name":"(anonymous_34)","decl":{"start":{"line":209,"column":12},"end":{"line":209,"column":13}},"loc":{"start":{"line":209,"column":24},"end":{"line":214,"column":null}},"line":209},"35":{"name":"(anonymous_35)","decl":{"start":{"line":210,"column":37},"end":{"line":210,"column":38}},"loc":{"start":{"line":210,"column":50},"end":{"line":213,"column":null}},"line":210},"36":{"name":"(anonymous_36)","decl":{"start":{"line":219,"column":18},"end":{"line":219,"column":19}},"loc":{"start":{"line":219,"column":30},"end":{"line":225,"column":null}},"line":219}},"branchMap":{"0":{"loc":{"start":{"line":92,"column":12},"end":{"line":92,"column":null}},"type":"cond-expr","locations":[{"start":{"line":92,"column":31},"end":{"line":92,"column":59}},{"start":{"line":92,"column":59},"end":{"line":92,"column":null}}],"line":92},"1":{"loc":{"start":{"line":182,"column":12},"end":{"line":184,"column":null}},"type":"cond-expr","locations":[{"start":{"line":183,"column":16},"end":{"line":183,"column":null}},{"start":{"line":184,"column":16},"end":{"line":184,"column":null}}],"line":182},"2":{"loc":{"start":{"line":192,"column":12},"end":{"line":194,"column":null}},"type":"cond-expr","locations":[{"start":{"line":193,"column":16},"end":{"line":193,"column":null}},{"start":{"line":194,"column":16},"end":{"line":194,"column":null}}],"line":192}},"s":{"0":1,"1":1,"2":5,"3":5,"4":1,"5":1,"6":1,"7":1,"8":1,"9":1,"10":0,"11":0,"12":0,"13":0,"14":0,"15":0,"16":0,"17":2,"18":1,"19":0,"20":0,"21":0,"22":0,"23":1,"24":0,"25":1,"26":1,"27":1,"28":1,"29":1,"30":1,"31":0,"32":0,"33":0,"34":0,"35":0,"36":0,"37":21},"f":{"0":1,"1":5,"2":5,"3":1,"4":1,"5":1,"6":1,"7":1,"8":1,"9":0,"10":0,"11":0,"12":0,"13":0,"14":0,"15":0,"16":2,"17":1,"18":0,"19":0,"20":0,"21":0,"22":1,"23":0,"24":1,"25":1,"26":1,"27":1,"28":1,"29":1,"30":0,"31":0,"32":0,"33":0,"34":0,"35":0,"36":21},"b":{"0":[1,0],"1":[1,0],"2":[1,0]},"meta":{"lastBranch":3,"lastFunction":37,"lastStatement":38,"seen":{"s:59:13:226:Infinity":0,"f:61:4:61:5":0,"s:61:19:216:Infinity":1,"f:83:17:83:18":1,"s:84:8:86:Infinity":2,"f:84:12:84:13":2,"s:84:24:86:Infinity":3,"f:89:20:89:21":3,"s:90:8:94:Infinity":4,"f:90:12:90:13":4,"s:90:24:94:Infinity":5,"f:91:37:91:38":5,"s:92:12:92:Infinity":6,"b:92:31:92:59:92:59:92:Infinity":0,"f:97:20:97:21":6,"s:98:8:100:Infinity":7,"f:98:12:98:13":7,"s:98:24:100:Infinity":8,"f:99:40:99:41":8,"s:99:52:99:Infinity":9,"f:103:24:103:25":9,"s:104:8:104:Infinity":10,"f:107:24:107:25":10,"s:108:8:108:Infinity":11,"f:112:23:112:24":11,"s:113:8:113:Infinity":12,"f:116:30:116:31":12,"s:117:8:117:Infinity":13,"f:120:22:120:23":13,"s:121:8:121:Infinity":14,"f:124:29:124:30":14,"s:125:8:125:Infinity":15,"f:128:27:128:Infinity":15,"s:129:8:134:Infinity":16,"f:138:21:138:22":16,"s:139:8:139:Infinity":17,"f:142:24:142:25":17,"s:143:8:143:Infinity":18,"f:146:27:146:28":18,"s:147:8:147:Infinity":19,"f:150:25:150:26":19,"s:151:8:151:Infinity":20,"f:154:27:154:28":20,"s:155:8:155:Infinity":21,"f:158:26:158:27":21,"s:159:8:159:Infinity":22,"f:162:20:162:Infinity":22,"s:163:8:170:Infinity":23,"f:174:20:174:21":23,"s:175:8:175:Infinity":24,"f:179:22:179:23":24,"s:180:8:186:Infinity":25,"f:180:12:180:13":25,"s:180:24:186:Infinity":26,"f:181:37:181:38":26,"s:182:12:184:Infinity":27,"b:183:16:183:Infinity:184:16:184:Infinity":1,"f:189:21:189:22":27,"s:190:8:196:Infinity":28,"f:190:12:190:13":28,"s:190:24:196:Infinity":29,"f:191:37:191:38":29,"s:192:12:194:Infinity":30,"b:193:16:193:Infinity:194:16:194:Infinity":2,"f:199:26:199:27":30,"s:200:8:205:Infinity":31,"f:200:12:200:13":31,"s:200:24:205:Infinity":32,"f:201:37:201:38":32,"s:201:50:204:Infinity":33,"f:208:25:208:26":33,"s:209:8:214:Infinity":34,"f:209:12:209:13":34,"s:209:24:214:Infinity":35,"f:210:37:210:38":35,"s:210:50:213:Infinity":36,"f:219:18:219:19":36,"s:219:30:225:Infinity":37}}}
,"/home/deppi/vaidajogo/src/stores/useTeamStore.ts": {"path":"/home/deppi/vaidajogo/src/stores/useTeamStore.ts","statementMap":{"0":{"start":{"line":6,"column":13},"end":{"line":28,"column":null}},"1":{"start":{"line":6,"column":56},"end":{"line":28,"column":null}},"2":{"start":{"line":13,"column":26},"end":{"line":13,"column":null}},"3":{"start":{"line":14,"column":35},"end":{"line":14,"column":null}},"4":{"start":{"line":15,"column":23},"end":{"line":15,"column":null}},"5":{"start":{"line":16,"column":41},"end":{"line":16,"column":null}},"6":{"start":{"line":17,"column":37},"end":{"line":17,"column":null}},"7":{"start":{"line":18,"column":29},"end":{"line":18,"column":null}},"8":{"start":{"line":19,"column":27},"end":{"line":19,"column":null}},"9":{"start":{"line":19,"column":43},"end":{"line":19,"column":null}},"10":{"start":{"line":20,"column":29},"end":{"line":24,"column":null}},"11":{"start":{"line":21,"column":21},"end":{"line":21,"column":null}},"12":{"start":{"line":22,"column":4},"end":{"line":22,"column":null}},"13":{"start":{"line":23,"column":4},"end":{"line":23,"column":null}},"14":{"start":{"line":25,"column":30},"end":{"line":27,"column":null}},"15":{"start":{"line":25,"column":46},"end":{"line":27,"column":null}},"16":{"start":{"line":26,"column":40},"end":{"line":26,"column":null}}},"fnMap":{"0":{"name":"(anonymous_0)","decl":{"start":{"line":6,"column":46},"end":{"line":6,"column":47}},"loc":{"start":{"line":6,"column":56},"end":{"line":28,"column":null}},"line":6},"1":{"name":"(anonymous_1)","decl":{"start":{"line":13,"column":14},"end":{"line":13,"column":15}},"loc":{"start":{"line":13,"column":26},"end":{"line":13,"column":null}},"line":13},"2":{"name":"(anonymous_2)","decl":{"start":{"line":14,"column":18},"end":{"line":14,"column":19}},"loc":{"start":{"line":14,"column":35},"end":{"line":14,"column":null}},"line":14},"3":{"name":"(anonymous_3)","decl":{"start":{"line":15,"column":12},"end":{"line":15,"column":13}},"loc":{"start":{"line":15,"column":23},"end":{"line":15,"column":null}},"line":15},"4":{"name":"(anonymous_4)","decl":{"start":{"line":16,"column":21},"end":{"line":16,"column":22}},"loc":{"start":{"line":16,"column":41},"end":{"line":16,"column":null}},"line":16},"5":{"name":"(anonymous_5)","decl":{"start":{"line":17,"column":19},"end":{"line":17,"column":20}},"loc":{"start":{"line":17,"column":37},"end":{"line":17,"column":null}},"line":17},"6":{"name":"(anonymous_6)","decl":{"start":{"line":18,"column":15},"end":{"line":18,"column":16}},"loc":{"start":{"line":18,"column":29},"end":{"line":18,"column":null}},"line":18},"7":{"name":"(anonymous_7)","decl":{"start":{"line":19,"column":11},"end":{"line":19,"column":12}},"loc":{"start":{"line":19,"column":27},"end":{"line":19,"column":null}},"line":19},"8":{"name":"(anonymous_8)","decl":{"start":{"line":19,"column":31},"end":{"line":19,"column":32}},"loc":{"start":{"line":19,"column":43},"end":{"line":19,"column":null}},"line":19},"9":{"name":"(anonymous_9)","decl":{"start":{"line":20,"column":12},"end":{"line":20,"column":13}},"loc":{"start":{"line":20,"column":29},"end":{"line":24,"column":null}},"line":20},"10":{"name":"(anonymous_10)","decl":{"start":{"line":20,"column":33},"end":{"line":20,"column":34}},"loc":{"start":{"line":20,"column":34},"end":{"line":24,"column":null}},"line":20},"11":{"name":"(anonymous_11)","decl":{"start":{"line":25,"column":14},"end":{"line":25,"column":15}},"loc":{"start":{"line":25,"column":30},"end":{"line":27,"column":null}},"line":25},"12":{"name":"(anonymous_12)","decl":{"start":{"line":25,"column":34},"end":{"line":25,"column":35}},"loc":{"start":{"line":25,"column":46},"end":{"line":27,"column":null}},"line":25},"13":{"name":"(anonymous_13)","decl":{"start":{"line":26,"column":30},"end":{"line":26,"column":31}},"loc":{"start":{"line":26,"column":40},"end":{"line":26,"column":null}},"line":26}},"branchMap":{},"s":{"0":1,"1":1,"2":0,"3":0,"4":0,"5":1,"6":0,"7":0,"8":3,"9":3,"10":1,"11":1,"12":1,"13":1,"14":1,"15":1,"16":1},"f":{"0":1,"1":0,"2":0,"3":0,"4":1,"5":0,"6":0,"7":3,"8":3,"9":1,"10":1,"11":1,"12":1,"13":1},"b":{},"meta":{"lastBranch":0,"lastFunction":14,"lastStatement":17,"seen":{"s:6:13:28:Infinity":0,"f:6:46:6:47":0,"s:6:56:28:Infinity":1,"f:13:14:13:15":1,"s:13:26:13:Infinity":2,"f:14:18:14:19":2,"s:14:35:14:Infinity":3,"f:15:12:15:13":3,"s:15:23:15:Infinity":4,"f:16:21:16:22":4,"s:16:41:16:Infinity":5,"f:17:19:17:20":5,"s:17:37:17:Infinity":6,"f:18:15:18:16":6,"s:18:29:18:Infinity":7,"f:19:11:19:12":7,"s:19:27:19:Infinity":8,"f:19:31:19:32":8,"s:19:43:19:Infinity":9,"f:20:12:20:13":9,"s:20:29:24:Infinity":10,"f:20:33:20:34":10,"s:21:21:21:Infinity":11,"s:22:4:22:Infinity":12,"s:23:4:23:Infinity":13,"f:25:14:25:15":11,"s:25:30:27:Infinity":14,"f:25:34:25:35":12,"s:25:46:27:Infinity":15,"f:26:30:26:31":13,"s:26:40:26:Infinity":16}}}
,"/home/deppi/vaidajogo/src/utils/animations.ts": {"path":"/home/deppi/vaidajogo/src/utils/animations.ts","statementMap":{"0":{"start":{"line":10,"column":28},"end":{"line":15,"column":null}},"1":{"start":{"line":18,"column":24},"end":{"line":23,"column":null}},"2":{"start":{"line":26,"column":23},"end":{"line":31,"column":null}},"3":{"start":{"line":34,"column":23},"end":{"line":39,"column":null}},"4":{"start":{"line":42,"column":24},"end":{"line":50,"column":null}},"5":{"start":{"line":53,"column":32},"end":{"line":59,"column":null}},"6":{"start":{"line":62,"column":27},"end":{"line":67,"column":null}}},"fnMap":{},"branchMap":{},"s":{"0":1,"1":1,"2":1,"3":1,"4":1,"5":1,"6":1},"f":{},"b":{},"meta":{"lastBranch":0,"lastFunction":0,"lastStatement":7,"seen":{"s:10:28:15:Infinity":0,"s:18:24:23:Infinity":1,"s:26:23:31:Infinity":2,"s:34:23:39:Infinity":3,"s:42:24:50:Infinity":4,"s:53:32:59:Infinity":5,"s:62:27:67:Infinity":6}}}
,"/home/deppi/vaidajogo/src/utils/enums.ts": {"path":"/home/deppi/vaidajogo/src/utils/enums.ts","statementMap":{"0":{"start":{"line":10,"column":12},"end":{"line":10,"column":null}},"1":{"start":{"line":20,"column":12},"end":{"line":20,"column":null}},"2":{"start":{"line":59,"column":12},"end":{"line":59,"column":null}},"3":{"start":{"line":74,"column":12},"end":{"line":74,"column":null}},"4":{"start":{"line":88,"column":12},"end":{"line":88,"column":null}},"5":{"start":{"line":97,"column":12},"end":{"line":97,"column":null}},"6":{"start":{"line":110,"column":12},"end":{"line":110,"column":null}},"7":{"start":{"line":118,"column":12},"end":{"line":118,"column":null}}},"fnMap":{},"branchMap":{},"s":{"0":3,"1":3,"2":3,"3":3,"4":3,"5":3,"6":3,"7":3},"f":{},"b":{},"meta":{"lastBranch":0,"lastFunction":0,"lastStatement":8,"seen":{"s:10:12:10:Infinity":0,"s:20:12:20:Infinity":1,"s:59:12:59:Infinity":2,"s:74:12:74:Infinity":3,"s:88:12:88:Infinity":4,"s:97:12:97:Infinity":5,"s:110:12:110:Infinity":6,"s:118:12:118:Infinity":7}}}
,"/home/deppi/vaidajogo/src/utils/tournament.ts": {"path":"/home/deppi/vaidajogo/src/utils/tournament.ts","statementMap":{"0":{"start":{"line":6,"column":15},"end":{"line":6,"column":null}},"1":{"start":{"line":7,"column":15},"end":{"line":7,"column":null}},"2":{"start":{"line":8,"column":19},"end":{"line":8,"column":null}},"3":{"start":{"line":9,"column":19},"end":{"line":9,"column":null}},"4":{"start":{"line":10,"column":2},"end":{"line":22,"column":null}},"5":{"start":{"line":11,"column":4},"end":{"line":21,"column":null}},"6":{"start":{"line":12,"column":6},"end":{"line":12,"column":null}},"7":{"start":{"line":13,"column":6},"end":{"line":13,"column":null}},"8":{"start":{"line":15,"column":11},"end":{"line":21,"column":null}},"9":{"start":{"line":16,"column":6},"end":{"line":16,"column":null}},"10":{"start":{"line":17,"column":6},"end":{"line":17,"column":null}},"11":{"start":{"line":19,"column":6},"end":{"line":19,"column":null}},"12":{"start":{"line":20,"column":6},"end":{"line":20,"column":null}},"13":{"start":{"line":23,"column":2},"end":{"line":23,"column":null}},"14":{"start":{"line":28,"column":2},"end":{"line":30,"column":null}},"15":{"start":{"line":29,"column":4},"end":{"line":29,"column":null}},"16":{"start":{"line":32,"column":36},"end":{"line":42,"column":null}},"17":{"start":{"line":32,"column":55},"end":{"line":42,"column":null}},"18":{"start":{"line":44,"column":2},"end":{"line":46,"column":null}},"19":{"start":{"line":45,"column":4},"end":{"line":45,"column":null}},"20":{"start":{"line":48,"column":2},"end":{"line":71,"column":null}},"21":{"start":{"line":49,"column":15},"end":{"line":49,"column":null}},"22":{"start":{"line":49,"column":35},"end":{"line":49,"column":63}},"23":{"start":{"line":50,"column":15},"end":{"line":50,"column":null}},"24":{"start":{"line":50,"column":35},"end":{"line":50,"column":63}},"25":{"start":{"line":51,"column":4},"end":{"line":70,"column":null}},"26":{"start":{"line":52,"column":6},"end":{"line":52,"column":null}},"27":{"start":{"line":53,"column":6},"end":{"line":53,"column":null}},"28":{"start":{"line":54,"column":6},"end":{"line":54,"column":null}},"29":{"start":{"line":55,"column":6},"end":{"line":55,"column":null}},"30":{"start":{"line":56,"column":6},"end":{"line":69,"column":null}},"31":{"start":{"line":57,"column":8},"end":{"line":57,"column":null}},"32":{"start":{"line":58,"column":8},"end":{"line":58,"column":null}},"33":{"start":{"line":59,"column":8},"end":{"line":59,"column":null}},"34":{"start":{"line":60,"column":13},"end":{"line":69,"column":null}},"35":{"start":{"line":61,"column":8},"end":{"line":61,"column":null}},"36":{"start":{"line":62,"column":8},"end":{"line":62,"column":null}},"37":{"start":{"line":63,"column":8},"end":{"line":63,"column":null}},"38":{"start":{"line":65,"column":8},"end":{"line":65,"column":null}},"39":{"start":{"line":66,"column":8},"end":{"line":66,"column":null}},"40":{"start":{"line":67,"column":8},"end":{"line":67,"column":null}},"41":{"start":{"line":68,"column":8},"end":{"line":68,"column":null}},"42":{"start":{"line":73,"column":2},"end":{"line":75,"column":null}},"43":{"start":{"line":74,"column":4},"end":{"line":74,"column":null}},"44":{"start":{"line":78,"column":2},"end":{"line":81,"column":null}},"45":{"start":{"line":79,"column":4},"end":{"line":81,"column":27}},"46":{"start":{"line":84,"column":2},"end":{"line":84,"column":null}},"47":{"start":{"line":92,"column":2},"end":{"line":92,"column":null}},"48":{"start":{"line":102,"column":2},"end":{"line":102,"column":null}},"49":{"start":{"line":108,"column":44},"end":{"line":108,"column":null}},"50":{"start":{"line":109,"column":2},"end":{"line":113,"column":null}},"51":{"start":{"line":110,"column":16},"end":{"line":110,"column":null}},"52":{"start":{"line":111,"column":4},"end":{"line":111,"column":null}},"53":{"start":{"line":111,"column":21},"end":{"line":111,"column":null}},"54":{"start":{"line":112,"column":4},"end":{"line":112,"column":null}},"55":{"start":{"line":114,"column":26},"end":{"line":114,"column":28}},"56":{"start":{"line":115,"column":2},"end":{"line":133,"column":null}},"57":{"start":{"line":116,"column":4},"end":{"line":132,"column":null}},"58":{"start":{"line":118,"column":20},"end":{"line":118,"column":40}},"59":{"start":{"line":119,"column":20},"end":{"line":119,"column":40}},"60":{"start":{"line":120,"column":33},"end":{"line":120,"column":null}},"61":{"start":{"line":121,"column":6},"end":{"line":122,"column":null}},"62":{"start":{"line":121,"column":27},"end":{"line":121,"column":null}},"63":{"start":{"line":122,"column":11},"end":{"line":122,"column":null}},"64":{"start":{"line":122,"column":32},"end":{"line":122,"column":null}},"65":{"start":{"line":126,"column":20},"end":{"line":126,"column":34}},"66":{"start":{"line":127,"column":6},"end":{"line":131,"column":null}},"67":{"start":{"line":128,"column":8},"end":{"line":129,"column":null}},"68":{"start":{"line":128,"column":41},"end":{"line":128,"column":null}},"69":{"start":{"line":129,"column":13},"end":{"line":129,"column":null}},"70":{"start":{"line":129,"column":46},"end":{"line":129,"column":null}},"71":{"start":{"line":134,"column":2},"end":{"line":134,"column":null}},"72":{"start":{"line":140,"column":19},"end":{"line":140,"column":null}},"73":{"start":{"line":140,"column":41},"end":{"line":140,"column":null}},"74":{"start":{"line":141,"column":82},"end":{"line":141,"column":84}},"75":{"start":{"line":143,"column":2},"end":{"line":150,"column":null}},"76":{"start":{"line":143,"column":15},"end":{"line":143,"column":18}},"77":{"start":{"line":144,"column":4},"end":{"line":149,"column":null}},"78":{"start":{"line":151,"column":2},"end":{"line":153,"column":null}},"79":{"start":{"line":152,"column":4},"end":{"line":152,"column":null}},"80":{"start":{"line":155,"column":2},"end":{"line":165,"column":null}},"81":{"start":{"line":156,"column":4},"end":{"line":164,"column":null}},"82":{"start":{"line":156,"column":17},"end":{"line":156,"column":20}},"83":{"start":{"line":157,"column":6},"end":{"line":163,"column":null}},"84":{"start":{"line":157,"column":19},"end":{"line":157,"column":26}},"85":{"start":{"line":158,"column":8},"end":{"line":162,"column":null}},"86":{"start":{"line":166,"column":2},"end":{"line":166,"column":null}}},"fnMap":{"0":{"name":"calculateAggregateScore","decl":{"start":{"line":5,"column":16},"end":{"line":5,"column":40}},"loc":{"start":{"line":5,"column":82},"end":{"line":24,"column":null}},"line":5},"1":{"name":"(anonymous_1)","decl":{"start":{"line":10,"column":18},"end":{"line":10,"column":null}},"loc":{"start":{"line":10,"column":18},"end":{"line":22,"column":null}},"line":10},"2":{"name":"calculateGroupStandings","decl":{"start":{"line":27,"column":16},"end":{"line":27,"column":40}},"loc":{"start":{"line":27,"column":71},"end":{"line":85,"column":null}},"line":27},"3":{"name":"(anonymous_3)","decl":{"start":{"line":32,"column":46},"end":{"line":32,"column":55}},"loc":{"start":{"line":32,"column":55},"end":{"line":42,"column":null}},"line":32},"4":{"name":"(anonymous_4)","decl":{"start":{"line":48,"column":18},"end":{"line":48,"column":null}},"loc":{"start":{"line":48,"column":18},"end":{"line":71,"column":null}},"line":48},"5":{"name":"(anonymous_5)","decl":{"start":{"line":49,"column":30},"end":{"line":49,"column":35}},"loc":{"start":{"line":49,"column":35},"end":{"line":49,"column":63}},"line":49},"6":{"name":"(anonymous_6)","decl":{"start":{"line":50,"column":30},"end":{"line":50,"column":35}},"loc":{"start":{"line":50,"column":35},"end":{"line":50,"column":63}},"line":50},"7":{"name":"(anonymous_7)","decl":{"start":{"line":73,"column":20},"end":{"line":73,"column":null}},"loc":{"start":{"line":73,"column":20},"end":{"line":75,"column":null}},"line":73},"8":{"name":"(anonymous_8)","decl":{"start":{"line":78,"column":17},"end":{"line":78,"column":18}},"loc":{"start":{"line":79,"column":4},"end":{"line":81,"column":27}},"line":79},"9":{"name":"resolveTiebreakers","decl":{"start":{"line":88,"column":16},"end":{"line":88,"column":35}},"loc":{"start":{"line":88,"column":92},"end":{"line":93,"column":null}},"line":88},"10":{"name":"advanceWinners","decl":{"start":{"line":96,"column":16},"end":{"line":96,"column":31}},"loc":{"start":{"line":96,"column":103},"end":{"line":103,"column":null}},"line":96},"11":{"name":"advanceKnockoutRound","decl":{"start":{"line":106,"column":16},"end":{"line":106,"column":37}},"loc":{"start":{"line":106,"column":79},"end":{"line":135,"column":null}},"line":106},"12":{"name":"(anonymous_12)","decl":{"start":{"line":109,"column":18},"end":{"line":109,"column":null}},"loc":{"start":{"line":109,"column":18},"end":{"line":113,"column":null}},"line":109},"13":{"name":"(anonymous_13)","decl":{"start":{"line":115,"column":31},"end":{"line":115,"column":null}},"loc":{"start":{"line":115,"column":31},"end":{"line":133,"column":null}},"line":115},"14":{"name":"generateGroupsAndMatches","decl":{"start":{"line":138,"column":16},"end":{"line":138,"column":41}},"loc":{"start":{"line":138,"column":73},"end":{"line":167,"column":null}},"line":138},"15":{"name":"(anonymous_15)","decl":{"start":{"line":140,"column":35},"end":{"line":140,"column":41}},"loc":{"start":{"line":140,"column":41},"end":{"line":140,"column":null}},"line":140},"16":{"name":"(anonymous_16)","decl":{"start":{"line":151,"column":19},"end":{"line":151,"column":20}},"loc":{"start":{"line":151,"column":26},"end":{"line":153,"column":null}},"line":151},"17":{"name":"(anonymous_17)","decl":{"start":{"line":155,"column":17},"end":{"line":155,"column":null}},"loc":{"start":{"line":155,"column":17},"end":{"line":165,"column":null}},"line":155}},"branchMap":{"0":{"loc":{"start":{"line":11,"column":4},"end":{"line":21,"column":null}},"type":"if","locations":[{"start":{"line":11,"column":4},"end":{"line":21,"column":null}},{"start":{"line":15,"column":11},"end":{"line":21,"column":null}}],"line":11},"1":{"loc":{"start":{"line":11,"column":8},"end":{"line":11,"column":66}},"type":"binary-expr","locations":[{"start":{"line":11,"column":8},"end":{"line":11,"column":35}},{"start":{"line":11,"column":39},"end":{"line":11,"column":66}}],"line":11},"2":{"loc":{"start":{"line":12,"column":16},"end":{"line":12,"column":null}},"type":"binary-expr","locations":[{"start":{"line":12,"column":16},"end":{"line":12,"column":28}},{"start":{"line":12,"column":32},"end":{"line":12,"column":null}}],"line":12},"3":{"loc":{"start":{"line":13,"column":16},"end":{"line":13,"column":null}},"type":"binary-expr","locations":[{"start":{"line":13,"column":16},"end":{"line":13,"column":28}},{"start":{"line":13,"column":32},"end":{"line":13,"column":null}}],"line":13},"4":{"loc":{"start":{"line":15,"column":11},"end":{"line":21,"column":null}},"type":"if","locations":[{"start":{"line":15,"column":11},"end":{"line":21,"column":null}},{"start":{},"end":{}}],"line":15},"5":{"loc":{"start":{"line":15,"column":15},"end":{"line":15,"column":73}},"type":"binary-expr","locations":[{"start":{"line":15,"column":15},"end":{"line":15,"column":42}},{"start":{"line":15,"column":46},"end":{"line":15,"column":73}}],"line":15},"6":{"loc":{"start":{"line":16,"column":16},"end":{"line":16,"column":null}},"type":"binary-expr","locations":[{"start":{"line":16,"column":16},"end":{"line":16,"column":28}},{"start":{"line":16,"column":32},"end":{"line":16,"column":null}}],"line":16},"7":{"loc":{"start":{"line":17,"column":16},"end":{"line":17,"column":null}},"type":"binary-expr","locations":[{"start":{"line":17,"column":16},"end":{"line":17,"column":28}},{"start":{"line":17,"column":32},"end":{"line":17,"column":null}}],"line":17},"8":{"loc":{"start":{"line":19,"column":20},"end":{"line":19,"column":null}},"type":"binary-expr","locations":[{"start":{"line":19,"column":20},"end":{"line":19,"column":32}},{"start":{"line":19,"column":36},"end":{"line":19,"column":null}}],"line":19},"9":{"loc":{"start":{"line":20,"column":20},"end":{"line":20,"column":null}},"type":"binary-expr","locations":[{"start":{"line":20,"column":20},"end":{"line":20,"column":32}},{"start":{"line":20,"column":36},"end":{"line":20,"column":null}}],"line":20},"10":{"loc":{"start":{"line":28,"column":2},"end":{"line":30,"column":null}},"type":"if","locations":[{"start":{"line":28,"column":2},"end":{"line":30,"column":null}},{"start":{},"end":{}}],"line":28},"11":{"loc":{"start":{"line":28,"column":6},"end":{"line":28,"column":61}},"type":"binary-expr","locations":[{"start":{"line":28,"column":6},"end":{"line":28,"column":16}},{"start":{"line":28,"column":16},"end":{"line":28,"column":41}},{"start":{"line":28,"column":41},"end":{"line":28,"column":61}}],"line":28},"12":{"loc":{"start":{"line":44,"column":2},"end":{"line":46,"column":null}},"type":"if","locations":[{"start":{"line":44,"column":2},"end":{"line":46,"column":null}},{"start":{},"end":{}}],"line":44},"13":{"loc":{"start":{"line":44,"column":6},"end":{"line":44,"column":43}},"type":"binary-expr","locations":[{"start":{"line":44,"column":6},"end":{"line":44,"column":18}},{"start":{"line":44,"column":18},"end":{"line":44,"column":43}}],"line":44},"14":{"loc":{"start":{"line":51,"column":4},"end":{"line":70,"column":null}},"type":"if","locations":[{"start":{"line":51,"column":4},"end":{"line":70,"column":null}},{"start":{},"end":{}}],"line":51},"15":{"loc":{"start":{"line":51,"column":8},"end":{"line":51,"column":78}},"type":"binary-expr","locations":[{"start":{"line":51,"column":8},"end":{"line":51,"column":14}},{"start":{"line":51,"column":14},"end":{"line":51,"column":20}},{"start":{"line":51,"column":20},"end":{"line":51,"column":50}},{"start":{"line":51,"column":50},"end":{"line":51,"column":78}}],"line":51},"16":{"loc":{"start":{"line":56,"column":6},"end":{"line":69,"column":null}},"type":"if","locations":[{"start":{"line":56,"column":6},"end":{"line":69,"column":null}},{"start":{"line":60,"column":13},"end":{"line":69,"column":null}}],"line":56},"17":{"loc":{"start":{"line":60,"column":13},"end":{"line":69,"column":null}},"type":"if","locations":[{"start":{"line":60,"column":13},"end":{"line":69,"column":null}},{"start":{"line":64,"column":13},"end":{"line":69,"column":null}}],"line":60},"18":{"loc":{"start":{"line":79,"column":4},"end":{"line":81,"column":27}},"type":"binary-expr","locations":[{"start":{"line":79,"column":4},"end":{"line":79,"column":23}},{"start":{"line":80,"column":4},"end":{"line":80,"column":39}},{"start":{"line":81,"column":4},"end":{"line":81,"column":27}}],"line":79},"19":{"loc":{"start":{"line":96,"column":90},"end":{"line":96,"column":103}},"type":"default-arg","locations":[{"start":{"line":96,"column":102},"end":{"line":96,"column":103}}],"line":96},"20":{"loc":{"start":{"line":111,"column":4},"end":{"line":111,"column":null}},"type":"if","locations":[{"start":{"line":111,"column":4},"end":{"line":111,"column":null}},{"start":{},"end":{}}],"line":111},"21":{"loc":{"start":{"line":116,"column":4},"end":{"line":132,"column":null}},"type":"if","locations":[{"start":{"line":116,"column":4},"end":{"line":132,"column":null}},{"start":{"line":124,"column":11},"end":{"line":132,"column":null}}],"line":116},"22":{"loc":{"start":{"line":116,"column":8},"end":{"line":116,"column":93}},"type":"binary-expr","locations":[{"start":{"line":116,"column":8},"end":{"line":116,"column":53}},{"start":{"line":116,"column":57},"end":{"line":116,"column":93}}],"line":116},"23":{"loc":{"start":{"line":121,"column":6},"end":{"line":122,"column":null}},"type":"if","locations":[{"start":{"line":121,"column":6},"end":{"line":122,"column":null}},{"start":{"line":122,"column":11},"end":{"line":122,"column":null}}],"line":121},"24":{"loc":{"start":{"line":122,"column":11},"end":{"line":122,"column":null}},"type":"if","locations":[{"start":{"line":122,"column":11},"end":{"line":122,"column":null}},{"start":{},"end":{}}],"line":122},"25":{"loc":{"start":{"line":127,"column":6},"end":{"line":131,"column":null}},"type":"if","locations":[{"start":{"line":127,"column":6},"end":{"line":131,"column":null}},{"start":{},"end":{}}],"line":127},"26":{"loc":{"start":{"line":127,"column":10},"end":{"line":127,"column":68}},"type":"binary-expr","locations":[{"start":{"line":127,"column":10},"end":{"line":127,"column":40}},{"start":{"line":127,"column":40},"end":{"line":127,"column":68}}],"line":127},"27":{"loc":{"start":{"line":128,"column":8},"end":{"line":129,"column":null}},"type":"if","locations":[{"start":{"line":128,"column":8},"end":{"line":129,"column":null}},{"start":{"line":129,"column":13},"end":{"line":129,"column":null}}],"line":128},"28":{"loc":{"start":{"line":129,"column":13},"end":{"line":129,"column":null}},"type":"if","locations":[{"start":{"line":129,"column":13},"end":{"line":129,"column":null}},{"start":{},"end":{}}],"line":129}},"s":{"0":0,"1":0,"2":0,"3":0,"4":0,"5":0,"6":0,"7":0,"8":0,"9":0,"10":0,"11":0,"12":0,"13":0,"14":2,"15":0,"16":2,"17":4,"18":2,"19":0,"20":2,"21":2,"22":2,"23":2,"24":4,"25":2,"26":2,"27":2,"28":2,"29":2,"30":2,"31":1,"32":1,"33":1,"34":1,"35":0,"36":0,"37":0,"38":1,"39":1,"40":1,"41":1,"42":2,"43":4,"44":2,"45":2,"46":2,"47":0,"48":0,"49":0,"50":0,"51":0,"52":0,"53":0,"54":0,"55":0,"56":0,"57":0,"58":0,"59":0,"60":0,"61":0,"62":0,"63":0,"64":0,"65":0,"66":0,"67":0,"68":0,"69":0,"70":0,"71":0,"72":2,"73":10,"74":2,"75":2,"76":2,"77":4,"78":2,"79":8,"80":2,"81":4,"82":4,"83":8,"84":8,"85":4,"86":2},"f":{"0":0,"1":0,"2":2,"3":4,"4":2,"5":2,"6":4,"7":4,"8":2,"9":0,"10":0,"11":0,"12":0,"13":0,"14":2,"15":10,"16":8,"17":4},"b":{"0":[0,0],"1":[0,0],"2":[0,0],"3":[0,0],"4":[0,0],"5":[0,0],"6":[0,0],"7":[0,0],"8":[0,0],"9":[0,0],"10":[0,2],"11":[2,2,2],"12":[0,2],"13":[2,2],"14":[2,0],"15":[2,2,2,2],"16":[1,1],"17":[0,1],"18":[2,1,1],"19":[0],"20":[0,0],"21":[0,0],"22":[0,0],"23":[0,0],"24":[0,0],"25":[0,0],"26":[0,0],"27":[0,0],"28":[0,0]},"meta":{"lastBranch":29,"lastFunction":18,"lastStatement":87,"seen":{"f:5:16:5:40":0,"s:6:15:6:Infinity":0,"s:7:15:7:Infinity":1,"s:8:19:8:Infinity":2,"s:9:19:9:Infinity":3,"s:10:2:22:Infinity":4,"f:10:18:10:Infinity":1,"b:11:4:21:Infinity:15:11:21:Infinity":0,"s:11:4:21:Infinity":5,"b:11:8:11:35:11:39:11:66":1,"s:12:6:12:Infinity":6,"b:12:16:12:28:12:32:12:Infinity":2,"s:13:6:13:Infinity":7,"b:13:16:13:28:13:32:13:Infinity":3,"b:15:11:21:Infinity:undefined:undefined:undefined:undefined":4,"s:15:11:21:Infinity":8,"b:15:15:15:42:15:46:15:73":5,"s:16:6:16:Infinity":9,"b:16:16:16:28:16:32:16:Infinity":6,"s:17:6:17:Infinity":10,"b:17:16:17:28:17:32:17:Infinity":7,"s:19:6:19:Infinity":11,"b:19:20:19:32:19:36:19:Infinity":8,"s:20:6:20:Infinity":12,"b:20:20:20:32:20:36:20:Infinity":9,"s:23:2:23:Infinity":13,"f:27:16:27:40":2,"b:28:2:30:Infinity:undefined:undefined:undefined:undefined":10,"s:28:2:30:Infinity":14,"b:28:6:28:16:28:16:28:41:28:41:28:61":11,"s:29:4:29:Infinity":15,"s:32:36:42:Infinity":16,"f:32:46:32:55":3,"s:32:55:42:Infinity":17,"b:44:2:46:Infinity:undefined:undefined:undefined:undefined":12,"s:44:2:46:Infinity":18,"b:44:6:44:18:44:18:44:43":13,"s:45:4:45:Infinity":19,"s:48:2:71:Infinity":20,"f:48:18:48:Infinity":4,"s:49:15:49:Infinity":21,"f:49:30:49:35":5,"s:49:35:49:63":22,"s:50:15:50:Infinity":23,"f:50:30:50:35":6,"s:50:35:50:63":24,"b:51:4:70:Infinity:undefined:undefined:undefined:undefined":14,"s:51:4:70:Infinity":25,"b:51:8:51:14:51:14:51:20:51:20:51:50:51:50:51:78":15,"s:52:6:52:Infinity":26,"s:53:6:53:Infinity":27,"s:54:6:54:Infinity":28,"s:55:6:55:Infinity":29,"b:56:6:69:Infinity:60:13:69:Infinity":16,"s:56:6:69:Infinity":30,"s:57:8:57:Infinity":31,"s:58:8:58:Infinity":32,"s:59:8:59:Infinity":33,"b:60:13:69:Infinity:64:13:69:Infinity":17,"s:60:13:69:Infinity":34,"s:61:8:61:Infinity":35,"s:62:8:62:Infinity":36,"s:63:8:63:Infinity":37,"s:65:8:65:Infinity":38,"s:66:8:66:Infinity":39,"s:67:8:67:Infinity":40,"s:68:8:68:Infinity":41,"s:73:2:75:Infinity":42,"f:73:20:73:Infinity":7,"s:74:4:74:Infinity":43,"s:78:2:81:Infinity":44,"f:78:17:78:18":8,"s:79:4:81:27":45,"b:79:4:79:23:80:4:80:39:81:4:81:27":18,"s:84:2:84:Infinity":46,"f:88:16:88:35":9,"s:92:2:92:Infinity":47,"f:96:16:96:31":10,"b:96:102:96:103":19,"s:102:2:102:Infinity":48,"f:106:16:106:37":11,"s:108:44:108:Infinity":49,"s:109:2:113:Infinity":50,"f:109:18:109:Infinity":12,"s:110:16:110:Infinity":51,"b:111:4:111:Infinity:undefined:undefined:undefined:undefined":20,"s:111:4:111:Infinity":52,"s:111:21:111:Infinity":53,"s:112:4:112:Infinity":54,"s:114:26:114:28":55,"s:115:2:133:Infinity":56,"f:115:31:115:Infinity":13,"b:116:4:132:Infinity:124:11:132:Infinity":21,"s:116:4:132:Infinity":57,"b:116:8:116:53:116:57:116:93":22,"s:118:20:118:40":58,"s:119:20:119:40":59,"s:120:33:120:Infinity":60,"b:121:6:122:Infinity:122:11:122:Infinity":23,"s:121:6:122:Infinity":61,"s:121:27:121:Infinity":62,"b:122:11:122:Infinity:undefined:undefined:undefined:undefined":24,"s:122:11:122:Infinity":63,"s:122:32:122:Infinity":64,"s:126:20:126:34":65,"b:127:6:131:Infinity:undefined:undefined:undefined:undefined":25,"s:127:6:131:Infinity":66,"b:127:10:127:40:127:40:127:68":26,"b:128:8:129:Infinity:129:13:129:Infinity":27,"s:128:8:129:Infinity":67,"s:128:41:128:Infinity":68,"b:129:13:129:Infinity:undefined:undefined:undefined:undefined":28,"s:129:13:129:Infinity":69,"s:129:46:129:Infinity":70,"s:134:2:134:Infinity":71,"f:138:16:138:41":14,"s:140:19:140:Infinity":72,"f:140:35:140:41":15,"s:140:41:140:Infinity":73,"s:141:82:141:84":74,"s:143:2:150:Infinity":75,"s:143:15:143:18":76,"s:144:4:149:Infinity":77,"s:151:2:153:Infinity":78,"f:151:19:151:20":16,"s:152:4:152:Infinity":79,"s:155:2:165:Infinity":80,"f:155:17:155:Infinity":17,"s:156:4:164:Infinity":81,"s:156:17:156:20":82,"s:157:6:163:Infinity":83,"s:157:19:157:26":84,"s:158:8:162:Infinity":85,"s:166:2:166:Infinity":86}}}
}
